#
# There is insufficient memory for the Java Runtime Environment to continue.
# Native memory allocation (mmap) failed to map 268435456 bytes for Failed to commit area from 0x0000000701000000 to 0x0000000711000000 of length 268435456.
# Possible reasons:
#   The system is out of physical RAM or swap space
#   The process is running with CompressedOops enabled, and the Java Heap may be blocking the growth of the native heap
# Possible solutions:
#   Reduce memory load on the system
#   Increase physical memory or swap space
#   Check if swap backing store is full
#   Decrease Java heap size (-Xmx/-Xms)
#   Decrease number of Java threads
#   Decrease Java thread stack sizes (-Xss)
#   Set larger code cache with -XX:ReservedCodeCacheSize=
# This output file may be truncated or incomplete.
#
#  Out of Memory Error (t:/workspace/open/src/hotspot/os/windows/os_windows.cpp:3269), pid=26032, tid=29260
#
# JRE version:  (11.0+28) (build )
# Java VM: OpenJDK 64-Bit Server VM (11+28, mixed mode, aot, sharing, tiered, compressed oops, g1 gc, windows-amd64)
# No core dump will be written. Minidumps are not enabled by default on client versions of Windows
#

---------------  S U M M A R Y ------------

Command Line: -XX:TieredStopAtLevel=1 -Xverify:none -Dspring.output.ansi.enabled=always -javaagent:C:\Users\kdh03\AppData\Local\JetBrains\IntelliJ IDEA 2020.3.1\lib\idea_rt.jar=61891:C:\Users\kdh03\AppData\Local\JetBrains\IntelliJ IDEA 2020.3.1\bin -Dcom.sun.management.jmxremote -Dspring.jmx.enabled=true -Dspring.liveBeansView.mbeanDomain -Dspring.application.admin.enabled=true -Dfile.encoding=UTF-8 com.wafflestudio.seminar.SeminarApplicationKt

Host: AMD Ryzen 7 3700X 8-Core Processor             , 16 cores, 15G,  Windows 10 , 64 bit Build 19041 (10.0.19041.1151)
Time: Thu Sep 16 22:55:43 2021 대한민국 표준시 elapsed time: 0 seconds (0d 0h 0m 0s)

---------------  T H R E A D  ---------------

Current thread (0x000002374b9f2000):  JavaThread "Unknown thread" [_thread_in_vm, id=29260, stack(0x000000dc57a00000,0x000000dc57b00000)]

Stack: [0x000000dc57a00000,0x000000dc57b00000]
Native frames: (J=compiled Java code, j=interpreted, Vv=VM code, C=native code)
V  [jvm.dll+0x63adaa]
V  [jvm.dll+0x77852f]
V  [jvm.dll+0x779b18]
V  [jvm.dll+0x77a1d3]
V  [jvm.dll+0x2624c8]
V  [jvm.dll+0x63825a]
V  [jvm.dll+0x62cb15]
V  [jvm.dll+0x31563c]
V  [jvm.dll+0x3154c2]
V  [jvm.dll+0x31ad36]
V  [jvm.dll+0x36726f]
V  [jvm.dll+0x366c90]
V  [jvm.dll+0x2f2378]
V  [jvm.dll+0x2f34d6]
V  [jvm.dll+0x7517d7]
V  [jvm.dll+0x752f1f]
V  [jvm.dll+0x374099]
V  [jvm.dll+0x738059]
V  [jvm.dll+0x3e35fd]
V  [jvm.dll+0x3e5961]
C  [java.exe+0x3603]
C  [java.exe+0x1746c]
C  [KERNEL32.DLL+0x17034]
C  [ntdll.dll+0x52651]


---------------  P R O C E S S  ---------------

Threads class SMR info:
_java_thread_list=0x000002374a0cda80, length=0, elements={
}

Java Threads: ( => current thread )

Other Threads:
  0x000002374ba0c800 GCTaskThread "GC Thread#0" [stack: 0x000000dc57b00000,0x000000dc57c00000] [id=21452]
  0x000002374ba6c800 ConcurrentGCThread "G1 Main Marker" [stack: 0x000000dc57c00000,0x000000dc57d00000] [id=25932]
  0x000002374ba6e000 ConcurrentGCThread "G1 Conc#0" [stack: 0x000000dc57d00000,0x000000dc57e00000] [id=9956]

[error occurred during error reporting (printing all threads), id 0xc0000005, EXCEPTION_ACCESS_VIOLATION (0xc0000005) at pc=0x00007ff965190d37]

VM state:not at safepoint (not fully initialized)

VM Mutex/Monitor currently owned by a thread:  ([mutex/lock_event])
[0x000002374b9efa10] Heap_lock - owner thread: 0x000002374b9f2000

Heap address: 0x0000000701000000, size: 4080 MB, Compressed Oops mode: Non-zero based: 0x0000000701000000
Narrow klass base: 0x0000000000000000, Narrow klass shift: 0

GC Heap History (0 events):
No events

Deoptimization events (0 events):
No events

Classes redefined (0 events):
No events

Internal exceptions (0 events):
No events

Events (0 events):
No events


Dynamic libraries:
0x00007ff7f60b0000 - 0x00007ff7f60f5000 	C:\Program Files\OpenJDK\jdk-11\bin\java.exe
0x00007ff9a96d0000 - 0x00007ff9a98c5000 	C:\WINDOWS\SYSTEM32\ntdll.dll
0x00007ff97e070000 - 0x00007ff97e085000 	C:\Program Files\Avast Software\Avast\aswhook.dll
0x00007ff9a8930000 - 0x00007ff9a89ed000 	C:\WINDOWS\System32\KERNEL32.DLL
0x00007ff9a70e0000 - 0x00007ff9a73a9000 	C:\WINDOWS\System32\KERNELBASE.dll
0x00007ff9a89f0000 - 0x00007ff9a8b90000 	C:\WINDOWS\System32\USER32.dll
0x00007ff9a7700000 - 0x00007ff9a7722000 	C:\WINDOWS\System32\win32u.dll
0x00007ff9a87e0000 - 0x00007ff9a880a000 	C:\WINDOWS\System32\GDI32.dll
0x00007ff9a6e00000 - 0x00007ff9a6f0b000 	C:\WINDOWS\System32\gdi32full.dll
0x00007ff9a7560000 - 0x00007ff9a75fd000 	C:\WINDOWS\System32\msvcp_win.dll
0x00007ff9a7600000 - 0x00007ff9a7700000 	C:\WINDOWS\System32\ucrtbase.dll
0x00007ff996d60000 - 0x00007ff996ffa000 	C:\WINDOWS\WinSxS\amd64_microsoft.windows.common-controls_6595b64144ccf1df_6.0.19041.1110_none_60b5254171f9507e\COMCTL32.dll
0x00007ff9a93d0000 - 0x00007ff9a946e000 	C:\WINDOWS\System32\msvcrt.dll
0x00007ff9a8da0000 - 0x00007ff9a8dd0000 	C:\WINDOWS\System32\IMM32.DLL
0x00007ff99e850000 - 0x00007ff99e866000 	C:\Program Files\OpenJDK\jdk-11\bin\vcruntime140.dll
0x00007ff988770000 - 0x00007ff98881a000 	C:\Program Files\OpenJDK\jdk-11\bin\msvcp140.dll
0x00007ff964e90000 - 0x00007ff9659d1000 	C:\Program Files\OpenJDK\jdk-11\bin\server\jvm.dll
0x00007ff9a8730000 - 0x00007ff9a87dc000 	C:\WINDOWS\System32\ADVAPI32.dll
0x00007ff9a8210000 - 0x00007ff9a82ab000 	C:\WINDOWS\System32\sechost.dll
0x00007ff9a9470000 - 0x00007ff9a959a000 	C:\WINDOWS\System32\RPCRT4.dll
0x00007ff9a95a0000 - 0x00007ff9a95a8000 	C:\WINDOWS\System32\PSAPI.DLL
0x00007ff9970d0000 - 0x00007ff9970f7000 	C:\WINDOWS\SYSTEM32\WINMM.dll
0x00007ff99bf80000 - 0x00007ff99bf89000 	C:\WINDOWS\SYSTEM32\WSOCK32.dll
0x00007ff9a8dd0000 - 0x00007ff9a8e3b000 	C:\WINDOWS\System32\WS2_32.dll
0x00007ff9a1220000 - 0x00007ff9a122a000 	C:\WINDOWS\SYSTEM32\VERSION.dll
0x00007ff9a4ce0000 - 0x00007ff9a4cf2000 	C:\WINDOWS\SYSTEM32\kernel.appcore.dll
0x00007ff99e610000 - 0x00007ff99e621000 	C:\Program Files\OpenJDK\jdk-11\bin\verify.dll
0x00007ff99fc40000 - 0x00007ff99fe24000 	C:\WINDOWS\SYSTEM32\DBGHELP.DLL
0x00007ff99fac0000 - 0x00007ff99faec000 	C:\WINDOWS\SYSTEM32\dbgcore.DLL
0x00007ff9a7050000 - 0x00007ff9a70d3000 	C:\WINDOWS\System32\bcryptPrimitives.dll
0x00007ff994df0000 - 0x00007ff994e18000 	C:\Program Files\OpenJDK\jdk-11\bin\java.dll
0x00007ff994d40000 - 0x00007ff994d6f000 	C:\Program Files\OpenJDK\jdk-11\bin\instrument.dll
0x00007ff99e1c0000 - 0x00007ff99e1d6000 	C:\Program Files\OpenJDK\jdk-11\bin\zip.dll
0x00007ff99e6c0000 - 0x00007ff99e6ca000 	C:\Program Files\OpenJDK\jdk-11\bin\jimage.dll

dbghelp: loaded successfully - version: 4.0.5 - missing functions: none
symbol engine: initialized successfully - sym options: 0x614 - pdb path: .;C:\Program Files\OpenJDK\jdk-11\bin;C:\WINDOWS\SYSTEM32;C:\Program Files\Avast Software\Avast;C:\WINDOWS\WinSxS\amd64_microsoft.windows.common-controls_6595b64144ccf1df_6.0.19041.1110_none_60b5254171f9507e;C:\Program Files\OpenJDK\jdk-11\bin\server

VM Arguments:
jvm_args: -XX:TieredStopAtLevel=1 -Xverify:none -Dspring.output.ansi.enabled=always -javaagent:C:\Users\kdh03\AppData\Local\JetBrains\IntelliJ IDEA 2020.3.1\lib\idea_rt.jar=61891:C:\Users\kdh03\AppData\Local\JetBrains\IntelliJ IDEA 2020.3.1\bin -Dcom.sun.management.jmxremote -Dspring.jmx.enabled=true -Dspring.liveBeansView.mbeanDomain -Dspring.application.admin.enabled=true -Dfile.encoding=UTF-8 
java_command: com.wafflestudio.seminar.SeminarApplicationKt
java_class_path (initial): C:\Users\kdh03\waffle\waffle-rookies-19.5-springboot\seminar\build\classes\kotlin\main;C:\Users\kdh03\waffle\waffle-rookies-19.5-springboot\seminar\build\resources\main;C:\Users\kdh03\.gradle\caches\modules-2\files-2.1\org.modelmapper\modelmapper\2.3.8\9cfa7d9ea8d0ccdd6a91f3331f54c1938ff15ae0\modelmapper-2.3.8.jar;C:\Users\kdh03\.gradle\caches\modules-2\files-2.1\org.springframework.boot\spring-boot-starter-data-jpa\2.5.4\61bdc9ccd2dd88dc956d85b4a608ef624476db7d\spring-boot-starter-data-jpa-2.5.4.jar;C:\Users\kdh03\.gradle\caches\modules-2\files-2.1\org.springframework.boot\spring-boot-starter-web\2.5.4\2bef2cedf2e0d1038ab51a2c6154579c5945e60c\spring-boot-starter-web-2.5.4.jar;C:\Users\kdh03\.gradle\caches\modules-2\files-2.1\org.springframework.boot\spring-boot-starter-security\2.5.4\5233e75dc4d06b6717647f8a3661e2c6a1e79490\spring-boot-starter-security-2.5.4.jar;C:\Users\kdh03\.gradle\caches\modules-2\files-2.1\io.jsonwebtoken\jjwt\0.9.1\54d2abfc3e63a28824d35bf600d6a5d627da681a\jjwt-0.9.1.jar;C:\Users\kdh03\.gradle\caches\modules-2\files-2.1\com.fasterxml.jackson.module\jackson-module-kotlin\2.12.4\3a9f172b9fc4a3fd9484f8f1a2fa30d620c4e6d\jackson-module-kotlin-2.12.4.jar;C:\Users\kdh03\.gradle\caches\modules-2\files-2.1\org.jetbrains.kotlin\kotlin-reflect\1.5.21\802f1f39735ae1eb2b75714a40fa19bb2e687e96\kotlin-reflect-1.5.21.jar;C:\Users\kdh03\.gradle\caches\modules-2\files-2.1\org.jetbrains.kotlin\kotlin-stdlib-jdk8\1.5.21\6b3de2a43405a65502728047db37a98a0c7e72f0\kotlin-stdlib-jdk8-1.5.21.jar;C:\Users\kdh03\.gradle\caches\modules-2\files-2.1\org.hibernate.validator\hibernate-validator\6.2.0.Final\d6b0760dfffbf379cedd02f715ff4c9a2e215921\hibernate-validator-6.2.0.Final.jar;C:\Users\kdh03\.gradle\caches\modules-2\files-2.1\org.springframework.boot\spring-boot-starter-aop\2.5.4\6a158adb640effb8153c7531f5ceb69f8fe2d025\spring-boot-starter-aop-2.5.4.jar;C:\Users\kdh03\.gradle\caches\modules-2\files-2.1\org.springframework.boot\spring-boot-sta
Launcher Type: SUN_STANDARD

[Global flags]
     bool BytecodeVerificationLocal                = false                                     {product} {command line}
     bool BytecodeVerificationRemote               = false                                     {product} {command line}
     intx CICompilerCount                          = 12                                        {product} {ergonomic}
     uint ConcGCThreads                            = 3                                         {product} {ergonomic}
     uint G1ConcRefinementThreads                  = 13                                        {product} {ergonomic}
   size_t G1HeapRegionSize                         = 1048576                                   {product} {ergonomic}
    uintx GCDrainStackTargetSize                   = 64                                        {product} {ergonomic}
   size_t InitialHeapSize                          = 268435456                                 {product} {ergonomic}
     bool ManagementServer                         = true                                      {product} {command line}
   size_t MarkStackSize                            = 4194304                                   {product} {ergonomic}
   size_t MaxHeapSize                              = 4278190080                                {product} {ergonomic}
   size_t MinHeapDeltaBytes                        = 1048576                                   {product} {ergonomic}
    uintx NonNMethodCodeHeapSize                   = 12163472                               {pd product} {ergonomic}
    uintx NonProfiledCodeHeapSize                  = 239494768                              {pd product} {ergonomic}
    uintx ProfiledCodeHeapSize                     = 0                                      {pd product} {ergonomic}
    uintx ReservedCodeCacheSize                    = 251658240                              {pd product} {ergonomic}
     bool SegmentedCodeCache                       = true                                      {product} {ergonomic}
     intx TieredStopAtLevel                        = 1                                         {product} {command line}
     bool UseCompressedClassPointers               = true                                 {lp64_product} {ergonomic}
     bool UseCompressedOops                        = true                                 {lp64_product} {ergonomic}
     bool UseG1GC                                  = true                                      {product} {ergonomic}
     bool UseLargePagesIndividualAllocation        = false                                  {pd product} {ergonomic}

Logging:
Log output configuration:
 #0: stdout all=warning uptime,level,tags
 #1: stderr all=off uptime,level,tags

Environment Variables:
JAVA_HOME=C:\Program Files\jdk-11
PATH=C:\WINDOWS\system32;C:\WINDOWS;C:\WINDOWS\System32\Wbem;C:\WINDOWS\System32\WindowsPowerShell\v1.0\;C:\WINDOWS\System32\OpenSSH\;C:\Program Files\Git\cmd;C:\Program Files\nodejs\;C:\MinGW\bin;C:\Program Files\Graphviz 2.44.1\bin;C:\Program Files\jdk-11\bin;C:\Program Files\MATLAB\R2021a\bin;C:\Program Files\MySQL\MySQL Server 8.0\bin;;C:\Program Files\Docker\Docker\resources\bin;C:\ProgramData\DockerDesktop\version-bin;C:\Program Files (x86)\NetSarang\Xshell 7\;C:\HashiCorp\Vagrant\bin;C:\Users\kdh03\AppData\Local\Programs\Python\Python39\Scripts\;C:\Users\kdh03\AppData\Local\Programs\Python\Python39\;C:\Users\kdh03\AppData\Local\Microsoft\WindowsApps;C:\Users\kdh03\AppData\Roaming\npm;C:\Users\kdh03\AppData\Local\Programs\Microsoft VS Code\bin;C:\Program Files\jdk-11\bin;C:\Users\kdh03\AppData\Local\afreeca;
USERNAME=kdh03
OS=Windows_NT
PROCESSOR_IDENTIFIER=AMD64 Family 23 Model 113 Stepping 0, AuthenticAMD



---------------  S Y S T E M  ---------------

OS: Windows 10 , 64 bit Build 19041 (10.0.19041.1151)

CPU:total 16 (initial active 16) (16 cores per cpu, 2 threads per core) family 23 model 113 stepping 0, cmov, cx8, fxsr, mmx, sse, sse2, sse3, ssse3, sse4.1, sse4.2, popcnt, avx, avx2, aes, clmul, mmxext, 3dnowpref, lzcnt, sse4a, ht, tsc, tscinvbit, tscinv, bmi1, bmi2, adx, sha, fma

Memory: 4k page, system-wide physical 16315M (3314M free)
TotalPageFile size 16315M (AvailPageFile size 252M)
current process WorkingSet (physical memory assigned to process): 11M, peak: 11M
current process commit charge ("private bytes"): 69M, peak: 325M

vm_info: OpenJDK 64-Bit Server VM (11+28) for windows-amd64 JRE (11+28), built on Aug 23 2018 03:04:58 by "mach5one" with MS VC++ 15.5 (VS2017)

END.
