#
# There is insufficient memory for the Java Runtime Environment to continue.
# Native memory allocation (mmap) failed to map 30027776 bytes for committing reserved memory.
# Possible reasons:
#   The system is out of physical RAM or swap space
#   The process is running with CompressedOops enabled, and the Java Heap may be blocking the growth of the native heap
# Possible solutions:
#   Reduce memory load on the system
#   Increase physical memory or swap space
#   Check if swap backing store is full
#   Decrease Java heap size (-Xmx/-Xms)
#   Decrease number of Java threads
#   Decrease Java thread stack sizes (-Xss)
#   Set larger code cache with -XX:ReservedCodeCacheSize=
#   JVM is running with Unscaled Compressed Oops mode in which the Java heap is
#     placed in the first 4GB address space. The Java Heap base address is the
#     maximum limit for the native heap growth. Please use -XX:HeapBaseMinAddress
#     to set the Java Heap base and to place the Java Heap above 4GB virtual address.
# This output file may be truncated or incomplete.
#
#  Out of Memory Error (os_linux.cpp:2983), pid=3695, tid=3698
#
# JRE version: OpenJDK Runtime Environment 18.9 (11.0.12+7) (build 11.0.12+7-LTS)
# Java VM: OpenJDK 64-Bit Server VM 18.9 (11.0.12+7-LTS, mixed mode, sharing, tiered, compressed oops, serial gc, linux-amd64)
# No core dump will be written. Core dumps have been disabled. To enable core dumping, try "ulimit -c unlimited" before starting Java again
#

---------------  S U M M A R Y ------------

Command Line: org.jetbrains.kotlin.cli.jvm.K2JVMCompiler @/home/ec2-user/waffle-rookies-19.5-springboot/seminar/build/20211114_7964302276965180405.compiler.options

Host: Intel(R) Xeon(R) CPU E5-2676 v3 @ 2.40GHz, 1 cores, 982M, Amazon Linux release 2 (Karoo)
Time: Sun Nov 14 06:40:37 2021 UTC elapsed time: 13.778790 seconds (0d 0h 0m 13s)

---------------  T H R E A D  ---------------

Current thread (0x00007fa93004d800):  VMThread "VM Thread" [stack: 0x00007fa916fb4000,0x00007fa9170b4000] [id=3698]

Stack: [0x00007fa916fb4000,0x00007fa9170b4000],  sp=0x00007fa9170b1ee0,  free space=1015k
Native frames: (J=compiled Java code, A=aot compiled Java code, j=interpreted, Vv=VM code, C=native code)
V  [libjvm.so+0xf2047f]  VMError::report_and_die(int, char const*, char const*, __va_list_tag*, Thread*, unsigned char*, void*, void*, char const*, int, unsigned long)+0x37f
V  [libjvm.so+0xf2114b]  VMError::report_and_die(Thread*, char const*, int, unsigned long, VMErrorType, char const*, __va_list_tag*)+0x2b
V  [libjvm.so+0x6c8d2e]  report_vm_out_of_memory(char const*, int, unsigned long, VMErrorType, char const*, ...)+0x10e
V  [libjvm.so+0xc55e2b]  os::pd_commit_memory(char*, unsigned long, unsigned long, bool)+0xfb
V  [libjvm.so+0xc4c17e]  os::commit_memory(char*, unsigned long, unsigned long, bool)+0x2e
V  [libjvm.so+0xf17eef]  VirtualSpace::expand_by(unsigned long, bool)+0x17f
V  [libjvm.so+0x594967]  CardGeneration::expand(unsigned long, unsigned long)+0xb7
V  [libjvm.so+0xea9986]  TenuredGeneration::expand(unsigned long, unsigned long)+0x46
V  [libjvm.so+0x59444f]  CardGeneration::compute_new_size()+0x5ff
V  [libjvm.so+0x820dca]  GenCollectedHeap::do_collection(bool, bool, unsigned long, bool, GenCollectedHeap::GenerationType)+0x62a
V  [libjvm.so+0x8218f5]  GenCollectedHeap::do_full_collection(bool)+0x25
V  [libjvm.so+0x646357]  CollectedHeap::collect_as_vm_thread(GCCause::Cause)+0x177
V  [libjvm.so+0xf22c25]  VM_CollectForMetadataAllocation::doit()+0x1b5
V  [libjvm.so+0xf239c7]  VM_Operation::evaluate()+0xe7
V  [libjvm.so+0xf29d0e]  VMThread::evaluate_operation(VM_Operation*) [clone .constprop.66]+0x10e
V  [libjvm.so+0xf2a259]  VMThread::loop()+0x3f9
V  [libjvm.so+0xf2a6a2]  VMThread::run()+0x82
V  [libjvm.so+0xeb191c]  Thread::call_run()+0x15c
V  [libjvm.so+0xc5bc8c]  thread_native_entry(Thread*)+0xec

VM_Operation (0x00007fa9168e7120): CollectForMetadataAllocation, mode: safepoint, requested by thread 0x00007fa930061800


---------------  P R O C E S S  ---------------

Threads class SMR info:
_java_thread_list=0x00007fa9300a8540, length=9, elements={
0x00007fa930016000, 0x00007fa930050800, 0x00007fa930053000, 0x00007fa93005b000,
0x00007fa93005d000, 0x00007fa93005f000, 0x00007fa930061800, 0x00007fa930063800,
0x00007fa9300a7000
}

Java Threads: ( => current thread )
  0x00007fa930016000 JavaThread "main" [_thread_blocked, id=3697, stack(0x00007fa936d43000,0x00007fa936e44000)]
  0x00007fa930050800 JavaThread "Reference Handler" daemon [_thread_blocked, id=3699, stack(0x00007fa916eb1000,0x00007fa916fb2000)]
  0x00007fa930053000 JavaThread "Finalizer" daemon [_thread_blocked, id=3700, stack(0x00007fa916db0000,0x00007fa916eb1000)]
  0x00007fa93005b000 JavaThread "Signal Dispatcher" daemon [_thread_blocked, id=3701, stack(0x00007fa916aeb000,0x00007fa916bec000)]
  0x00007fa93005d000 JavaThread "Service Thread" daemon [_thread_blocked, id=3702, stack(0x00007fa9169ea000,0x00007fa916aeb000)]
  0x00007fa93005f000 JavaThread "C2 CompilerThread0" daemon [_thread_blocked, id=3703, stack(0x00007fa9168e9000,0x00007fa9169ea000)]
  0x00007fa930061800 JavaThread "C1 CompilerThread0" daemon [_thread_blocked, id=3704, stack(0x00007fa9167e8000,0x00007fa9168e9000)]
  0x00007fa930063800 JavaThread "Sweeper thread" daemon [_thread_blocked, id=3705, stack(0x00007fa9166e7000,0x00007fa9167e8000)]
  0x00007fa9300a7000 JavaThread "Common-Cleaner" daemon [_thread_blocked, id=3707, stack(0x00007fa9164e4000,0x00007fa9165e5000)]

Other Threads:
=>0x00007fa93004d800 VMThread "VM Thread" [stack: 0x00007fa916fb4000,0x00007fa9170b4000] [id=3698]
  0x00007fa93009f800 WatcherThread [stack: 0x00007fa9165e7000,0x00007fa9166e7000] [id=3706]

Threads with active compile tasks:
C2 CompilerThread0  13831 7349       4       java.nio.DirectByteBufferR::slice (62 bytes)
C1 CompilerThread0  13834 7396       2       org.jetbrains.kotlin.resolve.calls.inference.components.ConstraintInjector$TypeCheckerContext::prepareType (16 bytes)

VM state:at safepoint (normal execution)

VM Mutex/Monitor currently owned by a thread:  ([mutex/lock_event])
[0x00007fa930012960] Threads_lock - owner thread: 0x00007fa93004d800
[0x00007fa930013140] Heap_lock - owner thread: 0x00007fa930061800
[0x00007fa930013770] MethodData_lock - owner thread: 0x00007fa930061800

Heap address: 0x00000000f0a00000, size: 246 MB, Compressed Oops mode: 32-bit
Narrow klass base: 0x0000000800000000, Narrow klass shift: 3
Compressed class space size: 1073741824 Address: 0x0000000840000000

Heap:
 def new generation   total 20288K, used 0K [0x00000000f0a00000, 0x00000000f2000000, 0x00000000f5c00000)
  eden space 18048K,   0% used [0x00000000f0a00000, 0x00000000f0a00000, 0x00000000f1ba0000)
  from space 2240K,   0% used [0x00000000f1dd0000, 0x00000000f1dd0000, 0x00000000f2000000)
  to   space 2240K,   0% used [0x00000000f1ba0000, 0x00000000f1ba0000, 0x00000000f1dd0000)
 tenured generation   total 44948K, used 44562K [0x00000000f5c00000, 0x00000000f87e5000, 0x0000000100000000)
   the space 44948K,  99% used [0x00000000f5c00000, 0x00000000f8784990, 0x00000000f8784a00, 0x00000000f87e5000)
 Metaspace       used 51397K, capacity 52125K, committed 52268K, reserved 1095680K
  class space    used 5968K, capacity 6269K, committed 6272K, reserved 1048576K

Card table byte_map: [0x00007fa936cb3000,0x00007fa936d2f000] _byte_map_base: 0x00007fa93652e000

Polling page: 0x00007fa936e4d000

Metaspace:

Usage:
  Non-class:     44.78 MB capacity,    44.36 MB (>99%) used,   339.81 KB ( <1%) free+waste,    86.88 KB ( <1%) overhead. 
      Class:      6.12 MB capacity,     5.83 MB ( 95%) used,   261.42 KB (  4%) free+waste,    39.19 KB ( <1%) overhead. 
       Both:     50.90 MB capacity,    50.19 MB ( 99%) used,   601.23 KB (  1%) free+waste,   126.06 KB ( <1%) overhead. 

Virtual space:
  Non-class space:       46.00 MB reserved,      44.92 MB ( 98%) committed 
      Class space:        1.00 GB reserved,       6.12 MB ( <1%) committed 
             Both:        1.04 GB reserved,      51.04 MB (  5%) committed 

Chunk freelists:
   Non-Class:  96.00 KB
       Class:  3.00 KB
        Both:  99.00 KB

MaxMetaspaceSize: unlimited
CompressedClassSpaceSize: 1.00 GB
Initial GC threshold: 20.80 MB
Current GC threshold: 51.04 MB
CDS: on

CodeHeap 'non-profiled nmethods': size=120036Kb used=2631Kb max_used=2631Kb free=117404Kb
 bounds [0x00007fa91f4c1000, 0x00007fa91f761000, 0x00007fa9269fa000]
CodeHeap 'profiled nmethods': size=120032Kb used=16660Kb max_used=16660Kb free=103372Kb
 bounds [0x00007fa917f89000, 0x00007fa918fd9000, 0x00007fa91f4c1000]
CodeHeap 'non-nmethods': size=5692Kb used=1282Kb max_used=1314Kb free=4410Kb
 bounds [0x00007fa9179fa000, 0x00007fa917c6a000, 0x00007fa917f89000]
 total_blobs=7889 nmethods=7330 adapters=473
 compilation: enabled
              stopped_count=0, restarted_count=0
 full_count=0

Compilation events (20 events):
Event: 13.606 Thread 0x00007fa93005f000 7321       4       org.jetbrains.kotlin.com.intellij.util.text.CharArrayUtil::shiftForward (102 bytes)
Event: 13.609 Thread 0x00007fa930061800 7388       2       org.jetbrains.kotlin.load.java.structure.impl.classFiles.BinaryJavaClass::convertInternalNameToClassifierType (26 bytes)
Event: 13.610 Thread 0x00007fa930061800 nmethod 7388 0x00007fa918fc6110 code [0x00007fa918fc62e0, 0x00007fa918fc6600]
Event: 13.610 Thread 0x00007fa930061800 7389       2       org.jetbrains.kotlin.load.java.structure.impl.classFiles.BinaryJavaClass$convertInternalNameToClassifierType$1::<init> (16 bytes)
Event: 13.610 Thread 0x00007fa930061800 nmethod 7389 0x00007fa918fc6710 code [0x00007fa918fc68c0, 0x00007fa918fc6a10]
Event: 13.612 Thread 0x00007fa930061800 7390       2       org.jetbrains.kotlin.load.java.structure.MapBasedJavaAnnotationOwner$DefaultImpls::isDeprecatedInJavaDoc (8 bytes)
Event: 13.613 Thread 0x00007fa930061800 nmethod 7390 0x00007fa918fc6a90 code [0x00007fa918fc6c80, 0x00007fa918fc6f10]
Event: 13.613 Thread 0x00007fa930061800 7391       2       org.jetbrains.kotlin.load.java.structure.impl.classFiles.BinaryJavaMethodBase::findAnnotation (9 bytes)
Event: 13.613 Thread 0x00007fa930061800 nmethod 7391 0x00007fa918fc7110 code [0x00007fa918fc7360, 0x00007fa918fc7890]
Event: 13.613 Thread 0x00007fa930061800 7392       2       org.jetbrains.kotlin.load.java.structure.impl.classFiles.BinaryJavaMethodBase::getAnnotationsByFqName (17 bytes)
Event: 13.614 Thread 0x00007fa930061800 nmethod 7392 0x00007fa918fc7b90 code [0x00007fa918fc7d40, 0x00007fa918fc7ee0]
Event: 13.614 Thread 0x00007fa930061800 7393       2       org.jetbrains.kotlin.resolve.scopes.ChainedMemberScope::getContributedFunctions (164 bytes)
Event: 13.614 Thread 0x00007fa930061800 nmethod 7393 0x00007fa918fc7f90 code [0x00007fa918fc8200, 0x00007fa918fc8860]
Event: 13.614 Thread 0x00007fa930061800 7394       2       org.jetbrains.kotlin.resolve.scopes.AbstractScopeAdapter::getContributedFunctions (24 bytes)
Event: 13.615 Thread 0x00007fa930061800 nmethod 7394 0x00007fa918fc8c90 code [0x00007fa918fc8ee0, 0x00007fa918fc93d0]
Event: 13.617 Thread 0x00007fa930061800 7395       2       org.jetbrains.kotlin.resolve.calls.inference.model.NewConstraintSystemImpl::runTransaction (528 bytes)
Event: 13.622 Thread 0x00007fa93005f000 nmethod 7321 0x00007fa91f752690 code [0x00007fa91f752860, 0x00007fa91f752bb8]
Event: 13.622 Thread 0x00007fa93005f000 7349       4       java.nio.DirectByteBufferR::slice (62 bytes)
Event: 13.627 Thread 0x00007fa930061800 nmethod 7395 0x00007fa918fc9710 code [0x00007fa918fc9ec0, 0x00007fa918fcc4d0]
Event: 13.627 Thread 0x00007fa930061800 7396       2       org.jetbrains.kotlin.resolve.calls.inference.components.ConstraintInjector$TypeCheckerContext::prepareType (16 bytes)

GC Heap History (20 events):
Event: 5.922 GC heap after
{Heap after GC invocations=35 (full 3):
 def new generation   total 20288K, used 0K [0x00000000f0a00000, 0x00000000f2000000, 0x00000000f5c00000)
  eden space 18048K,   0% used [0x00000000f0a00000, 0x00000000f0a00000, 0x00000000f1ba0000)
  from space 2240K,   0% used [0x00000000f1ba0000, 0x00000000f1ba0000, 0x00000000f1dd0000)
  to   space 2240K,   0% used [0x00000000f1dd0000, 0x00000000f1dd0000, 0x00000000f2000000)
 tenured generation   total 44948K, used 26967K [0x00000000f5c00000, 0x00000000f87e5000, 0x0000000100000000)
   the space 44948K,  59% used [0x00000000f5c00000, 0x00000000f7655f20, 0x00000000f7656000, 0x00000000f87e5000)
 Metaspace       used 30189K, capacity 30809K, committed 31360K, reserved 1077248K
  class space    used 3689K, capacity 3888K, committed 3968K, reserved 1048576K
}
Event: 6.425 GC heap before
{Heap before GC invocations=35 (full 3):
 def new generation   total 20288K, used 18048K [0x00000000f0a00000, 0x00000000f2000000, 0x00000000f5c00000)
  eden space 18048K, 100% used [0x00000000f0a00000, 0x00000000f1ba0000, 0x00000000f1ba0000)
  from space 2240K,   0% used [0x00000000f1ba0000, 0x00000000f1ba0000, 0x00000000f1dd0000)
  to   space 2240K,   0% used [0x00000000f1dd0000, 0x00000000f1dd0000, 0x00000000f2000000)
 tenured generation   total 44948K, used 26967K [0x00000000f5c00000, 0x00000000f87e5000, 0x0000000100000000)
   the space 44948K,  59% used [0x00000000f5c00000, 0x00000000f7655f20, 0x00000000f7656000, 0x00000000f87e5000)
 Metaspace       used 33711K, capacity 34279K, committed 34816K, reserved 1079296K
  class space    used 4151K, capacity 4341K, committed 4352K, reserved 1048576K
}
Event: 6.431 GC heap after
{Heap after GC invocations=36 (full 3):
 def new generation   total 20288K, used 1960K [0x00000000f0a00000, 0x00000000f2000000, 0x00000000f5c00000)
  eden space 18048K,   0% used [0x00000000f0a00000, 0x00000000f0a00000, 0x00000000f1ba0000)
  from space 2240K,  87% used [0x00000000f1dd0000, 0x00000000f1fba278, 0x00000000f2000000)
  to   space 2240K,   0% used [0x00000000f1ba0000, 0x00000000f1ba0000, 0x00000000f1dd0000)
 tenured generation   total 44948K, used 26967K [0x00000000f5c00000, 0x00000000f87e5000, 0x0000000100000000)
   the space 44948K,  59% used [0x00000000f5c00000, 0x00000000f7655f20, 0x00000000f7656000, 0x00000000f87e5000)
 Metaspace       used 33711K, capacity 34279K, committed 34816K, reserved 1079296K
  class space    used 4151K, capacity 4341K, committed 4352K, reserved 1048576K
}
Event: 7.408 GC heap before
{Heap before GC invocations=36 (full 3):
 def new generation   total 20288K, used 20008K [0x00000000f0a00000, 0x00000000f2000000, 0x00000000f5c00000)
  eden space 18048K, 100% used [0x00000000f0a00000, 0x00000000f1ba0000, 0x00000000f1ba0000)
  from space 2240K,  87% used [0x00000000f1dd0000, 0x00000000f1fba278, 0x00000000f2000000)
  to   space 2240K,   0% used [0x00000000f1ba0000, 0x00000000f1ba0000, 0x00000000f1dd0000)
 tenured generation   total 44948K, used 26967K [0x00000000f5c00000, 0x00000000f87e5000, 0x0000000100000000)
   the space 44948K,  59% used [0x00000000f5c00000, 0x00000000f7655f20, 0x00000000f7656000, 0x00000000f87e5000)
 Metaspace       used 38108K, capacity 38689K, committed 39296K, reserved 1083392K
  class space    used 4671K, capacity 4887K, committed 4992K, reserved 1048576K
}
Event: 7.430 GC heap after
{Heap after GC invocations=37 (full 3):
 def new generation   total 20288K, used 2159K [0x00000000f0a00000, 0x00000000f2000000, 0x00000000f5c00000)
  eden space 18048K,   0% used [0x00000000f0a00000, 0x00000000f0a00000, 0x00000000f1ba0000)
  from space 2240K,  96% used [0x00000000f1ba0000, 0x00000000f1dbbc38, 0x00000000f1dd0000)
  to   space 2240K,   0% used [0x00000000f1dd0000, 0x00000000f1dd0000, 0x00000000f2000000)
 tenured generation   total 44948K, used 28348K [0x00000000f5c00000, 0x00000000f87e5000, 0x0000000100000000)
   the space 44948K,  63% used [0x00000000f5c00000, 0x00000000f77af3b0, 0x00000000f77af400, 0x00000000f87e5000)
 Metaspace       used 38108K, capacity 38689K, committed 39296K, reserved 1083392K
  class space    used 4671K, capacity 4887K, committed 4992K, reserved 1048576K
}
Event: 8.095 GC heap before
{Heap before GC invocations=37 (full 3):
 def new generation   total 20288K, used 20207K [0x00000000f0a00000, 0x00000000f2000000, 0x00000000f5c00000)
  eden space 18048K, 100% used [0x00000000f0a00000, 0x00000000f1ba0000, 0x00000000f1ba0000)
  from space 2240K,  96% used [0x00000000f1ba0000, 0x00000000f1dbbc38, 0x00000000f1dd0000)
  to   space 2240K,   0% used [0x00000000f1dd0000, 0x00000000f1dd0000, 0x00000000f2000000)
 tenured generation   total 44948K, used 28348K [0x00000000f5c00000, 0x00000000f87e5000, 0x0000000100000000)
   the space 44948K,  63% used [0x00000000f5c00000, 0x00000000f77af3b0, 0x00000000f77af400, 0x00000000f87e5000)
 Metaspace       used 40482K, capacity 41123K, committed 41600K, reserved 1085440K
  class space    used 4922K, capacity 5160K, committed 5248K, reserved 1048576K
}
Event: 8.106 GC heap after
{Heap after GC invocations=38 (full 3):
 def new generation   total 20288K, used 2037K [0x00000000f0a00000, 0x00000000f2000000, 0x00000000f5c00000)
  eden space 18048K,   0% used [0x00000000f0a00000, 0x00000000f0a00000, 0x00000000f1ba0000)
  from space 2240K,  90% used [0x00000000f1dd0000, 0x00000000f1fcd718, 0x00000000f2000000)
  to   space 2240K,   0% used [0x00000000f1ba0000, 0x00000000f1ba0000, 0x00000000f1dd0000)
 tenured generation   total 44948K, used 30439K [0x00000000f5c00000, 0x00000000f87e5000, 0x0000000100000000)
   the space 44948K,  67% used [0x00000000f5c00000, 0x00000000f79b9fd8, 0x00000000f79ba000, 0x00000000f87e5000)
 Metaspace       used 40482K, capacity 41123K, committed 41600K, reserved 1085440K
  class space    used 4922K, capacity 5160K, committed 5248K, reserved 1048576K
}
Event: 8.275 GC heap before
{Heap before GC invocations=38 (full 3):
 def new generation   total 20288K, used 20085K [0x00000000f0a00000, 0x00000000f2000000, 0x00000000f5c00000)
  eden space 18048K, 100% used [0x00000000f0a00000, 0x00000000f1ba0000, 0x00000000f1ba0000)
  from space 2240K,  90% used [0x00000000f1dd0000, 0x00000000f1fcd718, 0x00000000f2000000)
  to   space 2240K,   0% used [0x00000000f1ba0000, 0x00000000f1ba0000, 0x00000000f1dd0000)
 tenured generation   total 44948K, used 30439K [0x00000000f5c00000, 0x00000000f87e5000, 0x0000000100000000)
   the space 44948K,  67% used [0x00000000f5c00000, 0x00000000f79b9fd8, 0x00000000f79ba000, 0x00000000f87e5000)
 Metaspace       used 40591K, capacity 41251K, committed 41856K, reserved 1085440K
  class space    used 4922K, capacity 5160K, committed 5248K, reserved 1048576K
}
Event: 8.288 GC heap after
{Heap after GC invocations=39 (full 3):
 def new generation   total 20288K, used 1445K [0x00000000f0a00000, 0x00000000f2000000, 0x00000000f5c00000)
  eden space 18048K,   0% used [0x00000000f0a00000, 0x00000000f0a00000, 0x00000000f1ba0000)
  from space 2240K,  64% used [0x00000000f1ba0000, 0x00000000f1d09468, 0x00000000f1dd0000)
  to   space 2240K,   0% used [0x00000000f1dd0000, 0x00000000f1dd0000, 0x00000000f2000000)
 tenured generation   total 44948K, used 32469K [0x00000000f5c00000, 0x00000000f87e5000, 0x0000000100000000)
   the space 44948K,  72% used [0x00000000f5c00000, 0x00000000f7bb5640, 0x00000000f7bb5800, 0x00000000f87e5000)
 Metaspace       used 40591K, capacity 41251K, committed 41856K, reserved 1085440K
  class space    used 4922K, capacity 5160K, committed 5248K, reserved 1048576K
}
Event: 8.945 GC heap before
{Heap before GC invocations=39 (full 3):
 def new generation   total 20288K, used 19493K [0x00000000f0a00000, 0x00000000f2000000, 0x00000000f5c00000)
  eden space 18048K, 100% used [0x00000000f0a00000, 0x00000000f1ba0000, 0x00000000f1ba0000)
  from space 2240K,  64% used [0x00000000f1ba0000, 0x00000000f1d09468, 0x00000000f1dd0000)
  to   space 2240K,   0% used [0x00000000f1dd0000, 0x00000000f1dd0000, 0x00000000f2000000)
 tenured generation   total 44948K, used 32469K [0x00000000f5c00000, 0x00000000f87e5000, 0x0000000100000000)
   the space 44948K,  72% used [0x00000000f5c00000, 0x00000000f7bb5640, 0x00000000f7bb5800, 0x00000000f87e5000)
 Metaspace       used 41387K, capacity 42045K, committed 42624K, reserved 1087488K
  class space    used 4959K, capacity 5202K, committed 5248K, reserved 1048576K
}
Event: 8.953 GC heap after
{Heap after GC invocations=40 (full 3):
 def new generation   total 20288K, used 2152K [0x00000000f0a00000, 0x00000000f2000000, 0x00000000f5c00000)
  eden space 18048K,   0% used [0x00000000f0a00000, 0x00000000f0a00000, 0x00000000f1ba0000)
  from space 2240K,  96% used [0x00000000f1dd0000, 0x00000000f1fea370, 0x00000000f2000000)
  to   space 2240K,   0% used [0x00000000f1ba0000, 0x00000000f1ba0000, 0x00000000f1dd0000)
 tenured generation   total 44948K, used 32885K [0x00000000f5c00000, 0x00000000f87e5000, 0x0000000100000000)
   the space 44948K,  73% used [0x00000000f5c00000, 0x00000000f7c1d4a8, 0x00000000f7c1d600, 0x00000000f87e5000)
 Metaspace       used 41387K, capacity 42045K, committed 42624K, reserved 1087488K
  class space    used 4959K, capacity 5202K, committed 5248K, reserved 1048576K
}
Event: 9.651 GC heap before
{Heap before GC invocations=40 (full 3):
 def new generation   total 20288K, used 20200K [0x00000000f0a00000, 0x00000000f2000000, 0x00000000f5c00000)
  eden space 18048K, 100% used [0x00000000f0a00000, 0x00000000f1ba0000, 0x00000000f1ba0000)
  from space 2240K,  96% used [0x00000000f1dd0000, 0x00000000f1fea370, 0x00000000f2000000)
  to   space 2240K,   0% used [0x00000000f1ba0000, 0x00000000f1ba0000, 0x00000000f1dd0000)
 tenured generation   total 44948K, used 32885K [0x00000000f5c00000, 0x00000000f87e5000, 0x0000000100000000)
   the space 44948K,  73% used [0x00000000f5c00000, 0x00000000f7c1d4a8, 0x00000000f7c1d600, 0x00000000f87e5000)
 Metaspace       used 44610K, capacity 45274K, committed 45696K, reserved 1089536K
  class space    used 5363K, capacity 5638K, committed 5760K, reserved 1048576K
}
Event: 9.662 GC heap after
{Heap after GC invocations=41 (full 3):
 def new generation   total 20288K, used 2039K [0x00000000f0a00000, 0x00000000f2000000, 0x00000000f5c00000)
  eden space 18048K,   0% used [0x00000000f0a00000, 0x00000000f0a00000, 0x00000000f1ba0000)
  from space 2240K,  91% used [0x00000000f1ba0000, 0x00000000f1d9dec8, 0x00000000f1dd0000)
  to   space 2240K,   0% used [0x00000000f1dd0000, 0x00000000f1dd0000, 0x00000000f2000000)
 tenured generation   total 44948K, used 35027K [0x00000000f5c00000, 0x00000000f87e5000, 0x0000000100000000)
   the space 44948K,  77% used [0x00000000f5c00000, 0x00000000f7e34e90, 0x00000000f7e35000, 0x00000000f87e5000)
 Metaspace       used 44610K, capacity 45274K, committed 45696K, reserved 1089536K
  class space    used 5363K, capacity 5638K, committed 5760K, reserved 1048576K
}
Event: 10.753 GC heap before
{Heap before GC invocations=41 (full 3):
 def new generation   total 20288K, used 20087K [0x00000000f0a00000, 0x00000000f2000000, 0x00000000f5c00000)
  eden space 18048K, 100% used [0x00000000f0a00000, 0x00000000f1ba0000, 0x00000000f1ba0000)
  from space 2240K,  91% used [0x00000000f1ba0000, 0x00000000f1d9dec8, 0x00000000f1dd0000)
  to   space 2240K,   0% used [0x00000000f1dd0000, 0x00000000f1dd0000, 0x00000000f2000000)
 tenured generation   total 44948K, used 35027K [0x00000000f5c00000, 0x00000000f87e5000, 0x0000000100000000)
   the space 44948K,  77% used [0x00000000f5c00000, 0x00000000f7e34e90, 0x00000000f7e35000, 0x00000000f87e5000)
 Metaspace       used 47853K, capacity 48622K, committed 49024K, reserved 1091584K
  class space    used 5689K, capacity 5978K, committed 6016K, reserved 1048576K
}
Event: 10.766 GC heap after
{Heap after GC invocations=42 (full 3):
 def new generation   total 20288K, used 1927K [0x00000000f0a00000, 0x00000000f2000000, 0x00000000f5c00000)
  eden space 18048K,   0% used [0x00000000f0a00000, 0x00000000f0a00000, 0x00000000f1ba0000)
  from space 2240K,  86% used [0x00000000f1dd0000, 0x00000000f1fb1da8, 0x00000000f2000000)
  to   space 2240K,   0% used [0x00000000f1ba0000, 0x00000000f1ba0000, 0x00000000f1dd0000)
 tenured generation   total 44948K, used 37030K [0x00000000f5c00000, 0x00000000f87e5000, 0x0000000100000000)
   the space 44948K,  82% used [0x00000000f5c00000, 0x00000000f80299a0, 0x00000000f8029a00, 0x00000000f87e5000)
 Metaspace       used 47853K, capacity 48622K, committed 49024K, reserved 1091584K
  class space    used 5689K, capacity 5978K, committed 6016K, reserved 1048576K
}
Event: 11.654 GC heap before
{Heap before GC invocations=42 (full 3):
 def new generation   total 20288K, used 19975K [0x00000000f0a00000, 0x00000000f2000000, 0x00000000f5c00000)
  eden space 18048K, 100% used [0x00000000f0a00000, 0x00000000f1ba0000, 0x00000000f1ba0000)
  from space 2240K,  86% used [0x00000000f1dd0000, 0x00000000f1fb1da8, 0x00000000f2000000)
  to   space 2240K,   0% used [0x00000000f1ba0000, 0x00000000f1ba0000, 0x00000000f1dd0000)
 tenured generation   total 44948K, used 37030K [0x00000000f5c00000, 0x00000000f87e5000, 0x0000000100000000)
   the space 44948K,  82% used [0x00000000f5c00000, 0x00000000f80299a0, 0x00000000f8029a00, 0x00000000f87e5000)
 Metaspace       used 49242K, capacity 49964K, committed 50176K, reserved 1093632K
  class space    used 5799K, capacity 6084K, committed 6144K, reserved 1048576K
}
Event: 11.678 GC heap after
{Heap after GC invocations=43 (full 3):
 def new generation   total 20288K, used 2240K [0x00000000f0a00000, 0x00000000f2000000, 0x00000000f5c00000)
  eden space 18048K,   0% used [0x00000000f0a00000, 0x00000000f0a00000, 0x00000000f1ba0000)
  from space 2240K, 100% used [0x00000000f1ba0000, 0x00000000f1dd0000, 0x00000000f1dd0000)
  to   space 2240K,   0% used [0x00000000f1dd0000, 0x00000000f1dd0000, 0x00000000f2000000)
 tenured generation   total 44948K, used 39293K [0x00000000f5c00000, 0x00000000f87e5000, 0x0000000100000000)
   the space 44948K,  87% used [0x00000000f5c00000, 0x00000000f825f688, 0x00000000f825f800, 0x00000000f87e5000)
 Metaspace       used 49242K, capacity 49964K, committed 50176K, reserved 1093632K
  class space    used 5799K, capacity 6084K, committed 6144K, reserved 1048576K
}
Event: 12.630 GC heap before
{Heap before GC invocations=43 (full 3):
 def new generation   total 20288K, used 20288K [0x00000000f0a00000, 0x00000000f2000000, 0x00000000f5c00000)
  eden space 18048K, 100% used [0x00000000f0a00000, 0x00000000f1ba0000, 0x00000000f1ba0000)
  from space 2240K, 100% used [0x00000000f1ba0000, 0x00000000f1dd0000, 0x00000000f1dd0000)
  to   space 2240K,   0% used [0x00000000f1dd0000, 0x00000000f1dd0000, 0x00000000f2000000)
 tenured generation   total 44948K, used 39293K [0x00000000f5c00000, 0x00000000f87e5000, 0x0000000100000000)
   the space 44948K,  87% used [0x00000000f5c00000, 0x00000000f825f688, 0x00000000f825f800, 0x00000000f87e5000)
 Metaspace       used 50023K, capacity 50783K, committed 50944K, reserved 1093632K
  class space    used 5840K, capacity 6122K, committed 6144K, reserved 1048576K
}
Event: 12.660 GC heap after
{Heap after GC invocations=44 (full 3):
 def new generation   total 20288K, used 2240K [0x00000000f0a00000, 0x00000000f2000000, 0x00000000f5c00000)
  eden space 18048K,   0% used [0x00000000f0a00000, 0x00000000f0a00000, 0x00000000f1ba0000)
  from space 2240K, 100% used [0x00000000f1dd0000, 0x00000000f2000000, 0x00000000f2000000)
  to   space 2240K,   0% used [0x00000000f1ba0000, 0x00000000f1ba0000, 0x00000000f1dd0000)
 tenured generation   total 44948K, used 41759K [0x00000000f5c00000, 0x00000000f87e5000, 0x0000000100000000)
   the space 44948K,  92% used [0x00000000f5c00000, 0x00000000f84c7cc8, 0x00000000f84c7e00, 0x00000000f87e5000)
 Metaspace       used 50023K, capacity 50783K, committed 50944K, reserved 1093632K
  class space    used 5840K, capacity 6122K, committed 6144K, reserved 1048576K
}
Event: 13.627 GC heap before
{Heap before GC invocations=44 (full 3):
 def new generation   total 20288K, used 19278K [0x00000000f0a00000, 0x00000000f2000000, 0x00000000f5c00000)
  eden space 18048K,  94% used [0x00000000f0a00000, 0x00000000f1aa3938, 0x00000000f1ba0000)
  from space 2240K, 100% used [0x00000000f1dd0000, 0x00000000f2000000, 0x00000000f2000000)
  to   space 2240K,   0% used [0x00000000f1ba0000, 0x00000000f1ba0000, 0x00000000f1dd0000)
 tenured generation   total 44948K, used 41759K [0x00000000f5c00000, 0x00000000f87e5000, 0x0000000100000000)
   the space 44948K,  92% used [0x00000000f5c00000, 0x00000000f84c7cc8, 0x00000000f84c7e00, 0x00000000f87e5000)
 Metaspace       used 51397K, capacity 52125K, committed 52268K, reserved 1095680K
  class space    used 5968K, capacity 6269K, committed 6272K, reserved 1048576K
}

Deoptimization events (20 events):
Event: 13.109 Thread 0x00007fa930016000 Uncommon trap: trap_request=0xffffff4d fr.pc=0x00007fa91f70069c relative=0x00000000000001dc
Event: 13.109 Thread 0x00007fa930016000 Uncommon trap: reason=unstable_if action=reinterpret pc=0x00007fa91f70069c method=org.jetbrains.kotlin.util.slicedMap.OpenAddressLinearProbingHashTable.get(Ljava/lang/Object;)Ljava/lang/Object; @ 81 c2
Event: 13.109 Thread 0x00007fa930016000 DEOPT PACKING pc=0x00007fa91f70069c sp=0x00007fa936e3f640
Event: 13.109 Thread 0x00007fa930016000 DEOPT UNPACKING pc=0x00007fa917a43ea5 sp=0x00007fa936e3f5e0 mode 2
Event: 13.284 Thread 0x00007fa930016000 Uncommon trap: trap_request=0xffffff4d fr.pc=0x00007fa91f5f60cc relative=0x000000000000012c
Event: 13.284 Thread 0x00007fa930016000 Uncommon trap: reason=unstable_if action=reinterpret pc=0x00007fa91f5f60cc method=org.jetbrains.kotlin.com.intellij.psi.tree.TokenSet.contains(Lorg/jetbrains/kotlin/com/intellij/psi/tree/IElementType;)Z @ 1 c2
Event: 13.284 Thread 0x00007fa930016000 DEOPT PACKING pc=0x00007fa91f5f60cc sp=0x00007fa936e3f7c0
Event: 13.284 Thread 0x00007fa930016000 DEOPT UNPACKING pc=0x00007fa917a43ea5 sp=0x00007fa936e3f798 mode 2
Event: 13.527 Thread 0x00007fa930016000 Uncommon trap: trap_request=0xffffff4d fr.pc=0x00007fa91f5bde84 relative=0x00000000000006e4
Event: 13.527 Thread 0x00007fa930016000 Uncommon trap: reason=unstable_if action=reinterpret pc=0x00007fa91f5bde84 method=java.util.HashMap.hash(Ljava/lang/Object;)I @ 1 c2
Event: 13.527 Thread 0x00007fa930016000 DEOPT PACKING pc=0x00007fa91f5bde84 sp=0x00007fa936e3f080
Event: 13.527 Thread 0x00007fa930016000 DEOPT UNPACKING pc=0x00007fa917a43ea5 sp=0x00007fa936e3ef80 mode 2
Event: 13.527 Thread 0x00007fa930016000 Uncommon trap: trap_request=0xffffff4d fr.pc=0x00007fa91f517708 relative=0x0000000000000568
Event: 13.527 Thread 0x00007fa930016000 Uncommon trap: reason=unstable_if action=reinterpret pc=0x00007fa91f517708 method=java.util.HashMap.hash(Ljava/lang/Object;)I @ 1 c2
Event: 13.527 Thread 0x00007fa930016000 DEOPT PACKING pc=0x00007fa91f517708 sp=0x00007fa936e3eff0
Event: 13.527 Thread 0x00007fa930016000 DEOPT UNPACKING pc=0x00007fa917a43ea5 sp=0x00007fa936e3ef70 mode 2
Event: 13.590 Thread 0x00007fa930016000 Uncommon trap: trap_request=0xffffff4d fr.pc=0x00007fa91f73b630 relative=0x0000000000000ad0
Event: 13.592 Thread 0x00007fa930016000 Uncommon trap: reason=unstable_if action=reinterpret pc=0x00007fa91f73b630 method=org.jetbrains.kotlin.util.slicedMap.OpenAddressLinearProbingHashTableKt.put([Ljava/lang/Object;ILjava/lang/Object;Ljava/lang/Object;)Z @ 60 c2
Event: 13.592 Thread 0x00007fa930016000 DEOPT PACKING pc=0x00007fa91f73b630 sp=0x00007fa936e3fd80
Event: 13.592 Thread 0x00007fa930016000 DEOPT UNPACKING pc=0x00007fa917a43ea5 sp=0x00007fa936e3fbc0 mode 2

Classes redefined (0 events):
No events

Internal exceptions (20 events):
Event: 5.388 Thread 0x00007fa930016000 Exception <a 'java/lang/NoSuchMethodError'{0x00000000f0f067d8}: 'java.lang.Object java.lang.invoke.DirectMethodHandle$Holder.invokeVirtual(java.lang.Object, java.lang.Object, java.lang.Object)'> (0x00000000f0f067d8) thrown at [./src/hotspot/share/interpreter/linkResolver.cpp, line 773]
Event: 6.709 Thread 0x00007fa930016000 Exception <a 'java/lang/NoSuchMethodError'{0x00000000f103d450}: 'java.lang.Object java.lang.invoke.Invokers$Holder.linkToTargetMethod(java.lang.Object, int, java.lang.Object)'> (0x00000000f103d450) thrown at [./src/hotspot/share/interpreter/linkResolver.cpp, line 773]
Event: 7.230 Thread 0x00007fa930016000 Exception <a 'java/lang/NoSuchMethodError'{0x00000000f16ca4e0}: 'java.lang.Object java.lang.invoke.DirectMethodHandle$Holder.invokeStatic(java.lang.Object, java.lang.Object, java.lang.Object, int)'> (0x00000000f16ca4e0) thrown at [./src/hotspot/share/interpreter/linkResolver.cpp, line 773]
Event: 7.236 Thread 0x00007fa930016000 Exception <a 'java/lang/NoSuchMethodError'{0x00000000f16ce150}: 'java.lang.Object java.lang.invoke.DirectMethodHandle$Holder.invokeSpecial(java.lang.Object, java.lang.Object, java.lang.Object, java.lang.Object, int)'> (0x00000000f16ce150) thrown at [./src/hotspot/share/interpreter/linkResolver.cpp, line 773]
Event: 7.236 Thread 0x00007fa930016000 Exception <a 'java/lang/NoSuchMethodError'{0x00000000f16d1720}: 'java.lang.Object java.lang.invoke.Invokers$Holder.linkToTargetMethod(java.lang.Object, java.lang.Object, int, java.lang.Object)'> (0x00000000f16d1720) thrown at [./src/hotspot/share/interpreter/linkResolver.cpp, line 773]
Event: 9.198 Thread 0x00007fa930016000 Exception <a 'java/lang/NoSuchMethodError'{0x00000000f0eae000}: 'java.lang.Object java.lang.invoke.DirectMethodHandle$Holder.invokeSpecial(java.lang.Object, java.lang.Object, java.lang.Object, java.lang.Object, java.lang.Object, int)'> (0x00000000f0eae000) thrown at [./src/hotspot/share/interpreter/linkResolver.cpp, line 773]
Event: 9.198 Thread 0x00007fa930016000 Exception <a 'java/lang/NoSuchMethodError'{0x00000000f0eb20f0}: 'java.lang.Object java.lang.invoke.Invokers$Holder.linkToTargetMethod(java.lang.Object, java.lang.Object, java.lang.Object, int, java.lang.Object)'> (0x00000000f0eb20f0) thrown at [./src/hotspot/share/interpreter/linkResolver.cpp, line 773]
Event: 10.627 Thread 0x00007fa930016000 Exception <a 'java/lang/NoSuchMethodError'{0x00000000f1929b18}: 'java.lang.Object java.lang.invoke.Invokers$Holder.linkToTargetMethod(java.lang.Object, java.lang.Object, java.lang.Object, java.lang.Object, java.lang.Object, java.lang.Object)'> (0x00000000f1929b18) thrown at [./src/hotspot/share/interpreter/linkResolver.cpp, line 773]
Event: 11.094 Thread 0x00007fa930016000 Exception <a 'java/lang/NoSuchMethodError'{0x00000000f10a6b10}: 'java.lang.Object java.lang.invoke.DirectMethodHandle$Holder.invokeSpecial(java.lang.Object, java.lang.Object, java.lang.Object, java.lang.Object, java.lang.Object, java.lang.Object, java.lang.Object, java.lang.Object, java.lang.Object)'> (0x00000000f10a6b10) thrown at [./src/hotspot/share/interpreter/linkResolver.cpp, line 773]
Event: 11.095 Thread 0x00007fa930016000 Exception <a 'java/lang/NoSuchMethodError'{0x00000000f10aad08}: 'java.lang.Object java.lang.invoke.Invokers$Holder.linkToTargetMethod(java.lang.Object, java.lang.Object, java.lang.Object, java.lang.Object, java.lang.Object, java.lang.Object, java.lang.Object, java.lang.Object)'> (0x00000000f10aad08) thrown at [./src/hotspot/share/interpreter/linkResolver.cpp, line 773]
Event: 11.164 Thread 0x00007fa930016000 Exception <a 'java/lang/NoSuchMethodError'{0x00000000f1249268}: 'java.lang.Object java.lang.invoke.DirectMethodHandle$Holder.invokeInterface(java.lang.Object, java.lang.Object, java.lang.Object)'> (0x00000000f1249268) thrown at [./src/hotspot/share/interpreter/linkResolver.cpp, line 773]
Event: 11.648 Thread 0x00007fa930016000 Exception <a 'java/lang/NoSuchMethodError'{0x00000000f1b889b8}: 'int java.lang.invoke.DirectMethodHandle$Holder.invokeInterface(java.lang.Object, java.lang.Object)'> (0x00000000f1b889b8) thrown at [./src/hotspot/share/interpreter/linkResolver.cpp, line 773]
Event: 12.196 Thread 0x00007fa930016000 Exception <a 'java/lang/NoSuchMethodError'{0x00000000f13f1548}: 'java.lang.Object java.lang.invoke.DirectMethodHandle$Holder.invokeStaticInit(java.lang.Object, java.lang.Object, java.lang.Object)'> (0x00000000f13f1548) thrown at [./src/hotspot/share/interpreter/linkResolver.cpp, line 773]
Event: 12.198 Thread 0x00007fa930016000 Exception <a 'java/lang/NoSuchMethodError'{0x00000000f1401060}: 'java.lang.Object java.lang.invoke.DirectMethodHandle$Holder.invokeStatic(java.lang.Object, int, java.lang.Object, java.lang.Object)'> (0x00000000f1401060) thrown at [./src/hotspot/share/interpreter/linkResolver.cpp, line 773]
Event: 12.198 Thread 0x00007fa930016000 Exception <a 'java/lang/NoSuchMethodError'{0x00000000f1408928}: 'java.lang.Object java.lang.invoke.DirectMethodHandle$Holder.invokeStatic(java.lang.Object, int, java.lang.Object)'> (0x00000000f1408928) thrown at [./src/hotspot/share/interpreter/linkResolver.cpp, line 773]
Event: 13.181 Thread 0x00007fa930016000 Exception <a 'java/lang/NoSuchMethodError'{0x00000000f131ad48}: 'int java.lang.invoke.DirectMethodHandle$Holder.invokeStaticInit(java.lang.Object, int)'> (0x00000000f131ad48) thrown at [./src/hotspot/share/interpreter/linkResolver.cpp, line 773]
Event: 13.283 Thread 0x00007fa930016000 Implicit null exception at 0x00007fa91f5f5fdc to 0x00007fa91f5f60b8
Event: 13.527 Thread 0x00007fa930016000 Implicit null exception at 0x00007fa91f5bd7e7 to 0x00007fa91f5bde6c
Event: 13.527 Thread 0x00007fa930016000 Implicit null exception at 0x00007fa91f5171eb to 0x00007fa91f5176f4
Event: 13.544 Thread 0x00007fa930016000 Exception <a 'java/lang/NoSuchMethodError'{0x00000000f1807ce0}: 'java.lang.Object java.lang.invoke.Invokers$Holder.linkToTargetMethod(java.lang.Object, java.lang.Object, java.lang.Object, int, int, java.lang.Object)'> (0x00000000f1807ce0) thrown at [./src/hotspot/share/interpreter/linkResolver.cpp, line 773]

Events (20 events):
Event: 13.569 loading class org/jetbrains/kotlin/synthetic/JavaSyntheticPropertiesScope$MyPropertyDescriptor$Companion done
Event: 13.570 loading class kotlin/properties/Delegates
Event: 13.570 loading class kotlin/properties/Delegates done
Event: 13.572 loading class kotlin/properties/NotNullVar
Event: 13.572 loading class kotlin/properties/NotNullVar done
Event: 13.576 loading class org/jetbrains/kotlin/load/java/structure/ListBasedJavaAnnotationOwner$DefaultImpls
Event: 13.576 loading class org/jetbrains/kotlin/load/java/structure/ListBasedJavaAnnotationOwner$DefaultImpls done
Event: 13.580 loading class org/jetbrains/kotlin/resolve/calls/context/CallPosition$PropertyAssignment
Event: 13.580 loading class org/jetbrains/kotlin/resolve/calls/context/CallPosition$PropertyAssignment done
Event: 13.582 Executing VM operation: ICBufferFull
Event: 13.588 Executing VM operation: ICBufferFull done
Event: 13.594 loading class org/jetbrains/kotlin/resolve/StatementFilterKt
Event: 13.594 loading class org/jetbrains/kotlin/resolve/StatementFilterKt done
Event: 13.597 loading class org/jetbrains/kotlin/types/expressions/ExpressionTypingServices$EffectsFilteringTrace
Event: 13.597 loading class org/jetbrains/kotlin/types/expressions/ExpressionTypingServices$EffectsFilteringTrace done
Event: 13.599 loading class org/jetbrains/kotlin/resolve/AbstractFilteringTrace
Event: 13.599 loading class org/jetbrains/kotlin/resolve/AbstractFilteringTrace done
Event: 13.626 loading class org/jetbrains/kotlin/resolve/calls/tower/MemberScopeTowerLevel$getFunctions$1
Event: 13.626 loading class org/jetbrains/kotlin/resolve/calls/tower/MemberScopeTowerLevel$getFunctions$1 done
Event: 13.627 Executing VM operation: CollectForMetadataAllocation


Dynamic libraries:
f0a00000-f2000000 rw-p 00000000 00:00 0 
f2000000-f5c00000 ---p 00000000 00:00 0 
f5c00000-f87e5000 rw-p 00000000 00:00 0 
fa488000-100000000 ---p 00000000 00:00 0 
800000000-800002000 rwxp 00001000 ca:01 9026696                          /usr/lib/jvm/java-11-openjdk-11.0.12.0.7-0.amzn2.0.2.x86_64/lib/server/classes.jsa
800002000-8003b6000 rw-p 00003000 ca:01 9026696                          /usr/lib/jvm/java-11-openjdk-11.0.12.0.7-0.amzn2.0.2.x86_64/lib/server/classes.jsa
8003b6000-800a7b000 r--p 003b7000 ca:01 9026696                          /usr/lib/jvm/java-11-openjdk-11.0.12.0.7-0.amzn2.0.2.x86_64/lib/server/classes.jsa
800a7b000-800a7c000 rw-p 00a7c000 ca:01 9026696                          /usr/lib/jvm/java-11-openjdk-11.0.12.0.7-0.amzn2.0.2.x86_64/lib/server/classes.jsa
800a7c000-801086000 r--p 00a7d000 ca:01 9026696                          /usr/lib/jvm/java-11-openjdk-11.0.12.0.7-0.amzn2.0.2.x86_64/lib/server/classes.jsa
840000000-840620000 rw-p 00000000 00:00 0 
840620000-880000000 ---p 00000000 00:00 0 
55a374e92000-55a374e93000 r-xp 00000000 ca:01 9026591                    /usr/lib/jvm/java-11-openjdk-11.0.12.0.7-0.amzn2.0.2.x86_64/bin/java
55a375093000-55a375094000 r--p 00001000 ca:01 9026591                    /usr/lib/jvm/java-11-openjdk-11.0.12.0.7-0.amzn2.0.2.x86_64/bin/java
55a375094000-55a375095000 rw-p 00002000 ca:01 9026591                    /usr/lib/jvm/java-11-openjdk-11.0.12.0.7-0.amzn2.0.2.x86_64/bin/java
55a375314000-55a375335000 rw-p 00000000 00:00 0                          [heap]
7fa8e3869000-7fa8ec000000 r--s 00000000 ca:01 4950148                    /usr/lib/jvm/java-11-openjdk-11.0.12.0.7-0.amzn2.0.2.x86_64/lib/modules
7fa8ec000000-7fa8eca30000 rw-p 00000000 00:00 0 
7fa8eca30000-7fa8f0000000 ---p 00000000 00:00 0 
7fa8f4000000-7fa8f4021000 rw-p 00000000 00:00 0 
7fa8f4021000-7fa8f8000000 ---p 00000000 00:00 0 
7fa8f8000000-7fa8f9902000 rw-p 00000000 00:00 0 
7fa8f9902000-7fa8fc000000 ---p 00000000 00:00 0 
7fa8fc000000-7fa8fc021000 rw-p 00000000 00:00 0 
7fa8fc021000-7fa900000000 ---p 00000000 00:00 0 
7fa9003c4000-7fa90071b000 rw-p 00000000 00:00 0 
7fa90071b000-7fa900830000 ---p 00000000 00:00 0 
7fa900830000-7fa900a30000 rw-p 00000000 00:00 0 
7fa900a30000-7fa900c30000 rw-p 00000000 00:00 0 
7fa900c30000-7fa900e30000 rw-p 00000000 00:00 0 
7fa900e30000-7fa901030000 rw-p 00000000 00:00 0 
7fa901030000-7fa901230000 rw-p 00000000 00:00 0 
7fa901230000-7fa901430000 rw-p 00000000 00:00 0 
7fa901430000-7fa908000000 r--p 00000000 ca:01 4652652                    /usr/lib/locale/locale-archive
7fa908000000-7fa908021000 rw-p 00000000 00:00 0 
7fa908021000-7fa90c000000 ---p 00000000 00:00 0 
7fa90c000000-7fa90c021000 rw-p 00000000 00:00 0 
7fa90c021000-7fa910000000 ---p 00000000 00:00 0 
7fa910000000-7fa9101e6000 rw-p 00000000 00:00 0 
7fa9101e6000-7fa914000000 ---p 00000000 00:00 0 
7fa9141a9000-7fa9143a9000 rw-p 00000000 00:00 0 
7fa9143a9000-7fa9145a9000 rw-p 00000000 00:00 0 
7fa9145a9000-7fa9147a9000 rw-p 00000000 00:00 0 
7fa9147a9000-7fa9149a9000 rw-p 00000000 00:00 0 
7fa9149a9000-7fa914ba9000 rw-p 00000000 00:00 0 
7fa914bc9000-7fa914dc9000 rw-p 00000000 00:00 0 
7fa914dc9000-7fa914fc9000 rw-p 00000000 00:00 0 
7fa914fc9000-7fa9151c9000 rw-p 00000000 00:00 0 
7fa9151c9000-7fa915684000 rw-p 00000000 00:00 0 
7fa915684000-7fa915884000 rw-p 00000000 00:00 0 
7fa915884000-7fa915a84000 rw-p 00000000 00:00 0 
7fa915a84000-7fa915c84000 rw-p 00000000 00:00 0 
7fa915c84000-7fa915c86000 r-xp 00000000 ca:01 8410186                    /usr/lib64/libutil-2.26.so
7fa915c86000-7fa915e85000 ---p 00002000 ca:01 8410186                    /usr/lib64/libutil-2.26.so
7fa915e85000-7fa915e86000 r--p 00001000 ca:01 8410186                    /usr/lib64/libutil-2.26.so
7fa915e86000-7fa915e87000 rw-p 00002000 ca:01 8410186                    /usr/lib64/libutil-2.26.so
7fa915e87000-7fa915e8a000 r-xp 00000000 ca:01 1848856                    /tmp/libjansi-1.5.21-release-314 (1.5.21)-6663168531187172216.so
7fa915e8a000-7fa916089000 ---p 00003000 ca:01 1848856                    /tmp/libjansi-1.5.21-release-314 (1.5.21)-6663168531187172216.so
7fa916089000-7fa91608a000 rw-p 00002000 ca:01 1848856                    /tmp/libjansi-1.5.21-release-314 (1.5.21)-6663168531187172216.so
7fa91608a000-7fa9160bb000 rw-p 00000000 00:00 0 
7fa9160bb000-7fa9160d1000 r-xp 00000000 ca:01 4950106                    /usr/lib/jvm/java-11-openjdk-11.0.12.0.7-0.amzn2.0.2.x86_64/lib/libnet.so
7fa9160d1000-7fa9162d0000 ---p 00016000 ca:01 4950106                    /usr/lib/jvm/java-11-openjdk-11.0.12.0.7-0.amzn2.0.2.x86_64/lib/libnet.so
7fa9162d0000-7fa9162d1000 r--p 00015000 ca:01 4950106                    /usr/lib/jvm/java-11-openjdk-11.0.12.0.7-0.amzn2.0.2.x86_64/lib/libnet.so
7fa9162d1000-7fa9162d2000 rw-p 00016000 ca:01 4950106                    /usr/lib/jvm/java-11-openjdk-11.0.12.0.7-0.amzn2.0.2.x86_64/lib/libnet.so
7fa9162d2000-7fa9162e2000 r-xp 00000000 ca:01 4950107                    /usr/lib/jvm/java-11-openjdk-11.0.12.0.7-0.amzn2.0.2.x86_64/lib/libnio.so
7fa9162e2000-7fa9164e2000 ---p 00010000 ca:01 4950107                    /usr/lib/jvm/java-11-openjdk-11.0.12.0.7-0.amzn2.0.2.x86_64/lib/libnio.so
7fa9164e2000-7fa9164e3000 r--p 00010000 ca:01 4950107                    /usr/lib/jvm/java-11-openjdk-11.0.12.0.7-0.amzn2.0.2.x86_64/lib/libnio.so
7fa9164e3000-7fa9164e4000 rw-p 00011000 ca:01 4950107                    /usr/lib/jvm/java-11-openjdk-11.0.12.0.7-0.amzn2.0.2.x86_64/lib/libnio.so
7fa9164e4000-7fa9164e8000 ---p 00000000 00:00 0 
7fa9164e8000-7fa9165e5000 rw-p 00000000 00:00 0 
7fa9165e5000-7fa9165e6000 ---p 00000000 00:00 0 
7fa9165e6000-7fa9166e7000 rw-p 00000000 00:00 0 
7fa9166e7000-7fa9166eb000 ---p 00000000 00:00 0 
7fa9166eb000-7fa9167e8000 rw-p 00000000 00:00 0 
7fa9167e8000-7fa9167ec000 ---p 00000000 00:00 0 
7fa9167ec000-7fa9168e9000 rw-p 00000000 00:00 0 
7fa9168e9000-7fa9168ed000 ---p 00000000 00:00 0 
7fa9168ed000-7fa9169ea000 rw-p 00000000 00:00 0 
7fa9169ea000-7fa9169ee000 ---p 00000000 00:00 0 
7fa9169ee000-7fa916aeb000 rw-p 00000000 00:00 0 
7fa916aeb000-7fa916aef000 ---p 00000000 00:00 0 
7fa916aef000-7fa916bec000 rw-p 00000000 00:00 0 
7fa916bec000-7fa916c3d000 r--p 00000000 ca:01 8410146                    /usr/lib/locale/C.utf8/LC_CTYPE
7fa916c3d000-7fa916db0000 r--p 00000000 ca:01 8410135                    /usr/lib/locale/C.utf8/LC_COLLATE
7fa916db0000-7fa916db4000 ---p 00000000 00:00 0 
7fa916db4000-7fa916eb1000 rw-p 00000000 00:00 0 
7fa916eb1000-7fa916eb5000 ---p 00000000 00:00 0 
7fa916eb5000-7fa916fb2000 rw-p 00000000 00:00 0 
7fa916fb2000-7fa916fb3000 ---p 00000000 00:00 0 
7fa916fb3000-7fa9179b8000 rw-p 00000000 00:00 0 
7fa9179b8000-7fa9179fa000 rw-p 00000000 00:00 0 
7fa9179fa000-7fa917c6a000 rwxp 00000000 00:00 0 
7fa917c6a000-7fa917f89000 ---p 00000000 00:00 0 
7fa917f89000-7fa918fd9000 rwxp 00000000 00:00 0 
7fa918fd9000-7fa91f4c1000 ---p 00000000 00:00 0 
7fa91f4c1000-7fa91f761000 rwxp 00000000 00:00 0 
7fa91f761000-7fa9269fa000 ---p 00000000 00:00 0 
7fa9269fa000-7fa926a01000 r-xp 00000000 ca:01 4950147                    /usr/lib/jvm/java-11-openjdk-11.0.12.0.7-0.amzn2.0.2.x86_64/lib/libzip.so
7fa926a01000-7fa926c00000 ---p 00007000 ca:01 4950147                    /usr/lib/jvm/java-11-openjdk-11.0.12.0.7-0.amzn2.0.2.x86_64/lib/libzip.so
7fa926c00000-7fa926c01000 r--p 00006000 ca:01 4950147                    /usr/lib/jvm/java-11-openjdk-11.0.12.0.7-0.amzn2.0.2.x86_64/lib/libzip.so
7fa926c01000-7fa926c02000 rw-p 00000000 00:00 0 
7fa926c02000-7fa926c10000 r-xp 00000000 ca:01 8410176                    /usr/lib64/libnss_files-2.26.so
7fa926c10000-7fa926e0f000 ---p 0000e000 ca:01 8410176                    /usr/lib64/libnss_files-2.26.so
7fa926e0f000-7fa926e10000 r--p 0000d000 ca:01 8410176                    /usr/lib64/libnss_files-2.26.so
7fa926e10000-7fa926e11000 rw-p 0000e000 ca:01 8410176                    /usr/lib64/libnss_files-2.26.so
7fa926e11000-7fa926e17000 rw-p 00000000 00:00 0 
7fa926e17000-7fa926e1f000 r-xp 00000000 ca:01 8841386                    /usr/lib64/libnss_sss.so.2
7fa926e1f000-7fa92701e000 ---p 00008000 ca:01 8841386                    /usr/lib64/libnss_sss.so.2
7fa92701e000-7fa92701f000 r--p 00007000 ca:01 8841386                    /usr/lib64/libnss_sss.so.2
7fa92701f000-7fa927020000 rw-p 00008000 ca:01 8841386                    /usr/lib64/libnss_sss.so.2
7fa927020000-7fa92f7b7000 r--s 00000000 ca:01 4950148                    /usr/lib/jvm/java-11-openjdk-11.0.12.0.7-0.amzn2.0.2.x86_64/lib/modules
7fa92f7b7000-7fa92f7bc000 r-xp 00000000 ca:01 4950098                    /usr/lib/jvm/java-11-openjdk-11.0.12.0.7-0.amzn2.0.2.x86_64/lib/libjimage.so
7fa92f7bc000-7fa92f9bb000 ---p 00005000 ca:01 4950098                    /usr/lib/jvm/java-11-openjdk-11.0.12.0.7-0.amzn2.0.2.x86_64/lib/libjimage.so
7fa92f9bb000-7fa92f9bc000 r--p 00004000 ca:01 4950098                    /usr/lib/jvm/java-11-openjdk-11.0.12.0.7-0.amzn2.0.2.x86_64/lib/libjimage.so
7fa92f9bc000-7fa92f9bd000 rw-p 00005000 ca:01 4950098                    /usr/lib/jvm/java-11-openjdk-11.0.12.0.7-0.amzn2.0.2.x86_64/lib/libjimage.so
7fa92f9bd000-7fa92f9e6000 r-xp 00000000 ca:01 4950095                    /usr/lib/jvm/java-11-openjdk-11.0.12.0.7-0.amzn2.0.2.x86_64/lib/libjava.so
7fa92f9e6000-7fa92fbe6000 ---p 00029000 ca:01 4950095                    /usr/lib/jvm/java-11-openjdk-11.0.12.0.7-0.amzn2.0.2.x86_64/lib/libjava.so
7fa92fbe6000-7fa92fbe7000 r--p 00029000 ca:01 4950095                    /usr/lib/jvm/java-11-openjdk-11.0.12.0.7-0.amzn2.0.2.x86_64/lib/libjava.so
7fa92fbe7000-7fa92fbe8000 rw-p 0002a000 ca:01 4950095                    /usr/lib/jvm/java-11-openjdk-11.0.12.0.7-0.amzn2.0.2.x86_64/lib/libjava.so
7fa92fbe8000-7fa92fbe9000 rw-p 00000000 00:00 0 
7fa92fbe9000-7fa92fbf6000 r-xp 00000000 ca:01 4950146                    /usr/lib/jvm/java-11-openjdk-11.0.12.0.7-0.amzn2.0.2.x86_64/lib/libverify.so
7fa92fbf6000-7fa92fdf5000 ---p 0000d000 ca:01 4950146                    /usr/lib/jvm/java-11-openjdk-11.0.12.0.7-0.amzn2.0.2.x86_64/lib/libverify.so
7fa92fdf5000-7fa92fdf7000 r--p 0000c000 ca:01 4950146                    /usr/lib/jvm/java-11-openjdk-11.0.12.0.7-0.amzn2.0.2.x86_64/lib/libverify.so
7fa92fdf7000-7fa92fdf8000 rw-p 00000000 00:00 0 
7fa92fdf8000-7fa92fdff000 r-xp 00000000 ca:01 8410182                    /usr/lib64/librt-2.26.so
7fa92fdff000-7fa92fffe000 ---p 00007000 ca:01 8410182                    /usr/lib64/librt-2.26.so
7fa92fffe000-7fa92ffff000 r--p 00006000 ca:01 8410182                    /usr/lib64/librt-2.26.so
7fa92ffff000-7fa930000000 rw-p 00007000 ca:01 8410182                    /usr/lib64/librt-2.26.so
7fa930000000-7fa9313cd000 rw-p 00000000 00:00 0 
7fa9313cd000-7fa934000000 ---p 00000000 00:00 0 
7fa934008000-7fa93400e000 rw-p 00000000 00:00 0 
7fa93400e000-7fa9340f3000 ---p 00000000 00:00 0 
7fa9340f3000-7fa934114000 rw-p 00000000 00:00 0 
7fa934114000-7fa9341de000 ---p 00000000 00:00 0 
7fa9341de000-7fa9341f3000 r-xp 00000000 ca:01 8410131                    /usr/lib64/libgcc_s-7-20180712.so.1
7fa9341f3000-7fa9343f2000 ---p 00015000 ca:01 8410131                    /usr/lib64/libgcc_s-7-20180712.so.1
7fa9343f2000-7fa9343f3000 r--p 00014000 ca:01 8410131                    /usr/lib64/libgcc_s-7-20180712.so.1
7fa9343f3000-7fa9343f4000 rw-p 00015000 ca:01 8410131                    /usr/lib64/libgcc_s-7-20180712.so.1
7fa9343f4000-7fa934533000 r-xp 00000000 ca:01 8410166                    /usr/lib64/libm-2.26.so
7fa934533000-7fa934732000 ---p 0013f000 ca:01 8410166                    /usr/lib64/libm-2.26.so
7fa934732000-7fa934733000 r--p 0013e000 ca:01 8410166                    /usr/lib64/libm-2.26.so
7fa934733000-7fa934734000 rw-p 0013f000 ca:01 8410166                    /usr/lib64/libm-2.26.so
7fa934734000-7fa9348a6000 r-xp 00000000 ca:01 8410507                    /usr/lib64/libstdc++.so.6.0.24
7fa9348a6000-7fa934aa6000 ---p 00172000 ca:01 8410507                    /usr/lib64/libstdc++.so.6.0.24
7fa934aa6000-7fa934ab0000 r--p 00172000 ca:01 8410507                    /usr/lib64/libstdc++.so.6.0.24
7fa934ab0000-7fa934ab2000 rw-p 0017c000 ca:01 8410507                    /usr/lib64/libstdc++.so.6.0.24
7fa934ab2000-7fa934ab6000 rw-p 00000000 00:00 0 
7fa934ab6000-7fa935ce3000 r-xp 00000000 ca:01 9026693                    /usr/lib/jvm/java-11-openjdk-11.0.12.0.7-0.amzn2.0.2.x86_64/lib/server/libjvm.so
7fa935ce3000-7fa935ee3000 ---p 0122d000 ca:01 9026693                    /usr/lib/jvm/java-11-openjdk-11.0.12.0.7-0.amzn2.0.2.x86_64/lib/server/libjvm.so
7fa935ee3000-7fa935fa7000 r--p 0122d000 ca:01 9026693                    /usr/lib/jvm/java-11-openjdk-11.0.12.0.7-0.amzn2.0.2.x86_64/lib/server/libjvm.so
7fa935fa7000-7fa935fe2000 rw-p 012f1000 ca:01 9026693                    /usr/lib/jvm/java-11-openjdk-11.0.12.0.7-0.amzn2.0.2.x86_64/lib/server/libjvm.so
7fa935fe2000-7fa936039000 rw-p 00000000 00:00 0 
7fa936039000-7fa9361db000 r-xp 00000000 ca:01 8410160                    /usr/lib64/libc-2.26.so
7fa9361db000-7fa9363da000 ---p 001a2000 ca:01 8410160                    /usr/lib64/libc-2.26.so
7fa9363da000-7fa9363de000 r--p 001a1000 ca:01 8410160                    /usr/lib64/libc-2.26.so
7fa9363de000-7fa9363e0000 rw-p 001a5000 ca:01 8410160                    /usr/lib64/libc-2.26.so
7fa9363e0000-7fa9363e4000 rw-p 00000000 00:00 0 
7fa9363e4000-7fa9363e7000 r-xp 00000000 ca:01 8410164                    /usr/lib64/libdl-2.26.so
7fa9363e7000-7fa9365e6000 ---p 00003000 ca:01 8410164                    /usr/lib64/libdl-2.26.so
7fa9365e6000-7fa9365e7000 r--p 00002000 ca:01 8410164                    /usr/lib64/libdl-2.26.so
7fa9365e7000-7fa9365e8000 rw-p 00003000 ca:01 8410164                    /usr/lib64/libdl-2.26.so
7fa9365e8000-7fa9365f8000 r-xp 00000000 ca:01 11083                      /usr/lib/jvm/java-11-openjdk-11.0.12.0.7-0.amzn2.0.2.x86_64/lib/jli/libjli.so
7fa9365f8000-7fa9367f7000 ---p 00010000 ca:01 11083                      /usr/lib/jvm/java-11-openjdk-11.0.12.0.7-0.amzn2.0.2.x86_64/lib/jli/libjli.so
7fa9367f7000-7fa9367f8000 r--p 0000f000 ca:01 11083                      /usr/lib/jvm/java-11-openjdk-11.0.12.0.7-0.amzn2.0.2.x86_64/lib/jli/libjli.so
7fa9367f8000-7fa9367f9000 rw-p 00010000 ca:01 11083                      /usr/lib/jvm/java-11-openjdk-11.0.12.0.7-0.amzn2.0.2.x86_64/lib/jli/libjli.so
7fa9367f9000-7fa936811000 r-xp 00000000 ca:01 8410178                    /usr/lib64/libpthread-2.26.so
7fa936811000-7fa936a11000 ---p 00018000 ca:01 8410178                    /usr/lib64/libpthread-2.26.so
7fa936a11000-7fa936a12000 r--p 00018000 ca:01 8410178                    /usr/lib64/libpthread-2.26.so
7fa936a12000-7fa936a13000 rw-p 00019000 ca:01 8410178                    /usr/lib64/libpthread-2.26.so
7fa936a13000-7fa936a17000 rw-p 00000000 00:00 0 
7fa936a17000-7fa936a2b000 r-xp 00000000 ca:01 8410529                    /usr/lib64/libz.so.1.2.7
7fa936a2b000-7fa936c2a000 ---p 00014000 ca:01 8410529                    /usr/lib64/libz.so.1.2.7
7fa936c2a000-7fa936c2b000 r--p 00013000 ca:01 8410529                    /usr/lib64/libz.so.1.2.7
7fa936c2b000-7fa936c2c000 rw-p 00014000 ca:01 8410529                    /usr/lib64/libz.so.1.2.7
7fa936c2c000-7fa936c50000 r-xp 00000000 ca:01 8410153                    /usr/lib64/ld-2.26.so
7fa936c54000-7fa936c55000 r--p 00000000 ca:01 8410148                    /usr/lib/locale/C.utf8/LC_NUMERIC
7fa936c55000-7fa936c56000 r--p 00000000 ca:01 8410140                    /usr/lib/locale/C.utf8/LC_TIME
7fa936c56000-7fa936c57000 r--p 00000000 ca:01 8410137                    /usr/lib/locale/C.utf8/LC_MONETARY
7fa936c57000-7fa936c58000 r--p 00000000 ca:01 12586856                   /usr/lib/locale/C.utf8/LC_MESSAGES/SYS_LC_MESSAGES
7fa936c58000-7fa936c59000 r--p 00000000 ca:01 8410149                    /usr/lib/locale/C.utf8/LC_PAPER
7fa936c59000-7fa936c60000 r--s 00000000 ca:01 8410484                    /usr/lib64/gconv/gconv-modules.cache
7fa936c60000-7fa936c76000 rw-p 00000000 00:00 0 
7fa936c76000-7fa936cb3000 ---p 00000000 00:00 0 
7fa936cb3000-7fa936cbe000 rw-p 00000000 00:00 0 
7fa936cbe000-7fa936cdc000 ---p 00000000 00:00 0 
7fa936cdc000-7fa936cf2000 rw-p 00000000 00:00 0 
7fa936cf2000-7fa936d2e000 ---p 00000000 00:00 0 
7fa936d2e000-7fa936d34000 rw-p 00000000 00:00 0 
7fa936d34000-7fa936d3b000 ---p 00000000 00:00 0 
7fa936d3b000-7fa936d43000 rw-s 00000000 ca:01 9004199                    /tmp/hsperfdata_ec2-user/3695
7fa936d43000-7fa936d47000 ---p 00000000 00:00 0 
7fa936d47000-7fa936e48000 rw-p 00000000 00:00 0 
7fa936e48000-7fa936e49000 r--p 00000000 ca:01 8410138                    /usr/lib/locale/C.utf8/LC_NAME
7fa936e49000-7fa936e4a000 r--p 00000000 ca:01 8410134                    /usr/lib/locale/C.utf8/LC_ADDRESS
7fa936e4a000-7fa936e4b000 r--p 00000000 ca:01 8410139                    /usr/lib/locale/C.utf8/LC_TELEPHONE
7fa936e4b000-7fa936e4c000 r--p 00000000 ca:01 8410147                    /usr/lib/locale/C.utf8/LC_MEASUREMENT
7fa936e4c000-7fa936e4d000 r--p 00000000 ca:01 8410136                    /usr/lib/locale/C.utf8/LC_IDENTIFICATION
7fa936e4d000-7fa936e4e000 ---p 00000000 00:00 0 
7fa936e4e000-7fa936e4f000 r--p 00000000 00:00 0 
7fa936e4f000-7fa936e50000 r--p 00023000 ca:01 8410153                    /usr/lib64/ld-2.26.so
7fa936e50000-7fa936e51000 rw-p 00024000 ca:01 8410153                    /usr/lib64/ld-2.26.so
7fa936e51000-7fa936e52000 rw-p 00000000 00:00 0 
7fff14ce1000-7fff14d02000 rw-p 00000000 00:00 0                          [stack]
7fff14d42000-7fff14d45000 r--p 00000000 00:00 0                          [vvar]
7fff14d45000-7fff14d47000 r-xp 00000000 00:00 0                          [vdso]
ffffffffff600000-ffffffffff601000 r-xp 00000000 00:00 0                  [vsyscall]


VM Arguments:
java_command: org.jetbrains.kotlin.cli.jvm.K2JVMCompiler @/home/ec2-user/waffle-rookies-19.5-springboot/seminar/build/20211114_7964302276965180405.compiler.options
java_class_path (initial): /home/ec2-user/.gradle/caches/modules-2/files-2.1/org.jetbrains.kotlin/kotlin-compiler-embeddable/1.5.21/40ddbcae9ff100473f95370c2d589ba3fc48eed5/kotlin-compiler-embeddable-1.5.21.jar:/home/ec2-user/.gradle/caches/modules-2/files-2.1/org.jetbrains.kotlin/kotlin-reflect/1.5.21/802f1f39735ae1eb2b75714a40fa19bb2e687e96/kotlin-reflect-1.5.21.jar:/home/ec2-user/.gradle/caches/modules-2/files-2.1/org.jetbrains.kotlin/kotlin-stdlib/1.5.21/2f537cad7e9eeb9da73738c8812e1e4cf9b62e4e/kotlin-stdlib-1.5.21.jar:/home/ec2-user/.gradle/caches/modules-2/files-2.1/org.jetbrains.kotlin/kotlin-script-runtime/1.5.21/96d49e89873fde985750af354b6eabb60cfa999b/kotlin-script-runtime-1.5.21.jar:/home/ec2-user/.gradle/caches/modules-2/files-2.1/org.jetbrains.kotlin/kotlin-daemon-embeddable/1.5.21/17255809e66a940dfdf6289bccbdfb5a09f3145/kotlin-daemon-embeddable-1.5.21.jar:/home/ec2-user/.gradle/caches/modules-2/files-2.1/org.jetbrains.intellij.deps/trove4j/1.0.20181211/216c2e14b070f334479d800987affe4054cd563f/trove4j-1.0.20181211.jar:/home/ec2-user/.gradle/caches/modules-2/files-2.1/org.jetbrains/annotations/13.0/919f0dfe192fb4e063e7dacadee7f8bb9a2672a9/annotations-13.0.jar:/home/ec2-user/.gradle/caches/modules-2/files-2.1/org.jetbrains.kotlin/kotlin-stdlib-common/1.5.21/cc8bf3586fd2ebcf234058b9440bb406e62dfacb/kotlin-stdlib-common-1.5.21.jar
Launcher Type: SUN_STANDARD

[Global flags]
     intx CICompilerCount                          = 2                                         {product} {ergonomic}
   size_t InitialHeapSize                          = 16777216                                  {product} {ergonomic}
   size_t MaxHeapSize                              = 257949696                                 {product} {ergonomic}
   size_t MaxNewSize                               = 85983232                                  {product} {ergonomic}
   size_t MinHeapDeltaBytes                        = 196608                                    {product} {ergonomic}
   size_t NewSize                                  = 5570560                                   {product} {ergonomic}
    uintx NonNMethodCodeHeapSize                   = 5825164                                {pd product} {ergonomic}
    uintx NonProfiledCodeHeapSize                  = 122916538                              {pd product} {ergonomic}
   size_t OldSize                                  = 11206656                                  {product} {ergonomic}
    uintx ProfiledCodeHeapSize                     = 122916538                              {pd product} {ergonomic}
    uintx ReservedCodeCacheSize                    = 251658240                              {pd product} {ergonomic}
     bool SegmentedCodeCache                       = true                                      {product} {ergonomic}
     bool UseCompressedClassPointers               = true                                 {lp64_product} {ergonomic}
     bool UseCompressedOops                        = true                                 {lp64_product} {ergonomic}
     bool UseSerialGC                              = true                                      {product} {ergonomic}

Logging:
Log output configuration:
 #0: stdout all=warning uptime,level,tags
 #1: stderr all=off uptime,level,tags

Environment Variables:
PATH=/usr/local/bin:/usr/bin:/usr/local/sbin:/usr/sbin:/home/ec2-user/.local/bin:/home/ec2-user/bin
SHELL=/bin/bash
LANG=C.UTF-8

Signal Handlers:
SIGSEGV: [libjvm.so+0xf21e70], sa_mask[0]=11111111011111111101111111111110, sa_flags=SA_RESTART|SA_SIGINFO
SIGBUS: [libjvm.so+0xf21e70], sa_mask[0]=11111111011111111101111111111110, sa_flags=SA_RESTART|SA_SIGINFO
SIGFPE: [libjvm.so+0xf21e70], sa_mask[0]=11111111011111111101111111111110, sa_flags=SA_RESTART|SA_SIGINFO
SIGPIPE: [libjvm.so+0xc50d80], sa_mask[0]=11111111011111111101111111111110, sa_flags=SA_RESTART|SA_SIGINFO
SIGXFSZ: [libjvm.so+0xc50d80], sa_mask[0]=11111111011111111101111111111110, sa_flags=SA_RESTART|SA_SIGINFO
SIGILL: [libjvm.so+0xf21e70], sa_mask[0]=11111111011111111101111111111110, sa_flags=SA_RESTART|SA_SIGINFO
SIGUSR2: [libjvm.so+0xc50c10], sa_mask[0]=00100000000000000000000000000000, sa_flags=SA_RESTART|SA_SIGINFO
SIGHUP: [libjvm.so+0xc50f80], sa_mask[0]=11111111011111111101111111111110, sa_flags=SA_RESTART|SA_SIGINFO
SIGINT: [libjvm.so+0xc50f80], sa_mask[0]=11111111011111111101111111111110, sa_flags=SA_RESTART|SA_SIGINFO
SIGTERM: [libjvm.so+0xc50f80], sa_mask[0]=11111111011111111101111111111110, sa_flags=SA_RESTART|SA_SIGINFO
SIGQUIT: [libjvm.so+0xc50f80], sa_mask[0]=11111111011111111101111111111110, sa_flags=SA_RESTART|SA_SIGINFO


---------------  S Y S T E M  ---------------

OS:Amazon Linux release 2 (Karoo)
uname:Linux 4.14.252-195.483.amzn2.x86_64 #1 SMP Mon Nov 1 20:58:46 UTC 2021 x86_64
OS uptime: 0 days 0:26 hours
libc:glibc 2.26 NPTL 2.26 
rlimit (soft/hard): STACK 10240k/10240k , CORE 0k/infinity , NPROC infinity/infinity , NOFILE 65535/65535 , AS infinity/infinity , CPU infinity/infinity , DATA infinity/infinity , FSIZE infinity/infinity , MEMLOCK infinity/infinity
load average:2.47 1.15 0.49

/proc/meminfo:
MemTotal:        1006128 kB
MemFree:           64428 kB
MemAvailable:       6052 kB
Buffers:               0 kB
Cached:            11768 kB
SwapCached:            0 kB
Active:           880452 kB
Inactive:           9948 kB
Active(anon):     878792 kB
Inactive(anon):      276 kB
Active(file):       1660 kB
Inactive(file):     9672 kB
Unevictable:           0 kB
Mlocked:               0 kB
SwapTotal:             0 kB
SwapFree:              0 kB
Dirty:                80 kB
Writeback:             0 kB
AnonPages:        878668 kB
Mapped:             8172 kB
Shmem:               400 kB
Slab:              32432 kB
SReclaimable:      14632 kB
SUnreclaim:        17800 kB
KernelStack:        3328 kB
PageTables:         6552 kB
NFS_Unstable:          0 kB
Bounce:                0 kB
WritebackTmp:          0 kB
CommitLimit:      503064 kB
Committed_AS:    1208840 kB
VmallocTotal:   34359738367 kB
VmallocUsed:           0 kB
VmallocChunk:          0 kB
HardwareCorrupted:     0 kB
AnonHugePages:         0 kB
ShmemHugePages:        0 kB
ShmemPmdMapped:        0 kB
HugePages_Total:       0
HugePages_Free:        0
HugePages_Rsvd:        0
HugePages_Surp:        0
Hugepagesize:       2048 kB
DirectMap4k:       45056 kB
DirectMap2M:     1003520 kB

/sys/kernel/mm/transparent_hugepage/enabled:
always [madvise] never
/sys/kernel/mm/transparent_hugepage/defrag (defrag/compaction efforts parameter):
always defer defer+madvise [madvise] never

Process Memory:
Virtual Size: 2583028K (peak: 11267116K)
Resident Set Size: 210516K (peak: 219148K) (anon: 208676K, file: 1840K, shmem: 0K)
Swapped out: 0K
C-Heap outstanding allocations: 39124K

/proc/sys/kernel/threads-max (system-wide limit on the number of threads):
7733
/proc/sys/vm/max_map_count (maximum number of memory map areas a process may have):
65530
/proc/sys/kernel/pid_max (system-wide limit on number of process identifiers):
32768

container (cgroup) information:
container_type: cgroupv1
cpu_cpuset_cpus: 0
cpu_memory_nodes: 0
active_processor_count: 1
cpu_quota: -1
cpu_period: 100000
cpu_shares: -1
memory_limit_in_bytes: -1
memory_and_swap_limit_in_bytes: -1
memory_soft_limit_in_bytes: -1
memory_usage_in_bytes: 912281600
memory_max_usage_in_bytes: 0

Xen hardware-assisted virtualization detected
Steal ticks since vm start: 2
Steal ticks percentage since vm start:  0.001

CPU:total 1 (initial active 1) (1 cores per cpu, 1 threads per core) family 6 model 63 stepping 2 microcode 0x46, cmov, cx8, fxsr, mmx, sse, sse2, sse3, ssse3, sse4.1, sse4.2, popcnt, avx, avx2, aes, clmul, erms, lzcnt, tsc, bmi1, bmi2, fma
CPU Model and flags from /proc/cpuinfo:
model name	: Intel(R) Xeon(R) CPU E5-2676 v3 @ 2.40GHz
flags		: fpu vme de pse tsc msr pae mce cx8 apic sep mtrr pge mca cmov pat pse36 clflush mmx fxsr sse sse2 ht syscall nx rdtscp lm constant_tsc rep_good nopl xtopology cpuid pni pclmulqdq ssse3 fma cx16 pcid sse4_1 sse4_2 x2apic movbe popcnt tsc_deadline_timer aes xsave avx f16c rdrand hypervisor lahf_lm abm cpuid_fault invpcid_single pti fsgsbase bmi1 avx2 smep bmi2 erms invpcid xsaveopt
Online cpus:
0
Offline cpus:
1-14
BIOS frequency limitation:
<Not Available>
Frequency switch latency (ns):
<Not Available>
Available cpu frequencies:
<Not Available>
Current governor:
<Not Available>
Core performance/turbo boost:
<Not Available>

Memory: 4k page, physical 1006128k(63932k free), swap 0k(0k free)

vm_info: OpenJDK 64-Bit Server VM (11.0.12+7-LTS) for linux-amd64 JRE (11.0.12+7-LTS), built on Aug  3 2021 02:33:35 by "mockbuild" with gcc 7.3.1 20180712 (Red Hat 7.3.1-13)

END.
